
http://www.baidu.com/s?rtt=1&amp;bsst=1&amp;cl=2&amp;tn=news&amp;fr=tieba&amp;
http://zhidao.baidu.com/q?ct=17&amp;pn=0&amp;tn=ikaslist&amp;rn=10&amp;
http://v.baidu.com/v?ct=301989888&amp;rn=20&amp;pn=0&amp;db=0&amp;s=21&amp;
http://www.baidu.com/sf/vsearch?pd=video&amp;tn=vsearch&amp;ct=301989888&amp;rn=20&amp;pn=0&amp;db=0&amp;s=21&amp;rsv_spt=11&amp;
http://music.baidu.com/search?fr=tieba&
http://image.baidu.com/i?tn=baiduimage&amp;ct=201326592&amp;lm=-1&amp;cl=2&amp;
http://map.baidu.com/m?fr=map006&amp;
http://wenku.baidu.com/search?fr=tieba&lm=0&od=0&




http://tieba.baidu.com/f/search/adv
https://tieba.baidu.com/javascript:;
https://tieba.baidu.com/sign/index?kw=%E6%9D%8E%E6%AF%85&ie=utf-8
https://tieba.baidu.com/tbmall/tshow?tab=detail
https://tieba.baidu.com/home/main?id=00000000#stipsign
https://tieba.baidu.com/tbmall/propslist?category=108

https://tieba.baidu.com/tbmall/propslist?category=108

https://tieba.baidu.com/f/like/level?kw=%E6%9D%8E%E6%AF%85&ie=utf-8&lv_t=lv_nav_who

https://tieba.baidu.com/f?kw=%E6%9D%8E%E6%AF%85&ie=utf-8
https://tieba.baidu.com/f?kw=%E6%9D%8E%E6%AF%85&ie=utf-8

https://tieba.baidu.com/f?kw=%E6%9D%8E%E6%AF%85&ie=utf-8&tab=main
https://tieba.baidu.com/f?kw=%E6%9D%8E%E6%AF%85&ie=utf-8&tab=album
https://tieba.baidu.com/f?kw=%E6%9D%8E%E6%AF%85&ie=utf-8&tab=good
https://tieba.baidu.com/f?kw=%E6%9D%8E%E6%AF%85&ie=utf-8&tab=video
https://tieba.baidu.com/f?ie=utf-8&kw=%E6%B8%B8%E6%88%8F%E4%B8%AD%E5%BF%83&ie=utf-8
https://tieba.baidu.com/f?kw=%E6%9D%8E%E6%AF%85&ie=utf-8&tab=group
http://tieba.baidu.com/p/6172854583
http://tieba.baidu.com/home/main?un=Â∏ùÂêßI6&ie=utf-8&from=live

http://tieba.baidu.com/p/6172854583
http://tieba.baidu.com/home/main?un=LULU9521&id=088c4c554c55393532316e12&from=live&ie=utf-8
http://tieba.baidu.com/home/main?un=LULU9521&id=088c4c554c55393532316e12&from=live&ie=utf-8
http://tieba.baidu.com/p/6172854583?pid=126319253082#126319253082

https://tiebac.baidu.com/c/s/download/pc?src=webtb#android
http://tieba.baidu.com/home/main?un=LULU9521&id=088c4c554c55393532316e12&from=live&ie=utf-8
http://tieba.baidu.com/home/main?un=LULU9521&id=088c4c554c55393532316e12&from=live&ie=utf-8
http://tieba.baidu.com/p/6172854583?pid=126319253891#126319253891

https://tiebac.baidu.com/c/s/download/pc?src=webtb#android
http://tieba.baidu.com/home/main?un=ÂúüÂå™ÈÇìÂ§ßËÖï&id=06a2e59c9fe58caae98293e5a4a7e88595ab57&from=live&ie=utf-8
http://tieba.baidu.com/home/main?un=ÂúüÂå™ÈÇìÂ§ßËÖï&id=06a2e59c9fe58caae98293e5a4a7e88595ab57&from=live&ie=utf-8
http://tieba.baidu.com/p/6172854583?pid=126319259156#126319259156

http://tieba.baidu.com/home/main?un=ÂúüÂå™ÈÇìÂ§ßËÖï&id=06a2e59c9fe58caae98293e5a4a7e88595ab57&from=live&ie=utf-8
http://tieba.baidu.com/home/main?un=ÂúüÂå™ÈÇìÂ§ßËÖï&id=06a2e59c9fe58caae98293e5a4a7e88595ab57&from=live&ie=utf-8
http://tieba.baidu.com/p/6172854583?pid=126319260563#126319260563

http://tieba.baidu.com/home/main?un=È£ûÁæΩcjc&id=9b84e9a39ee7bebd636a63ff20&from=live&ie=utf-8
http://tieba.baidu.com/home/main?un=È£ûÁæΩcjc&id=9b84e9a39ee7bebd636a63ff20&from=live&ie=utf-8
http://tieba.baidu.com/p/6172854583?pid=126319353199#126319353199

http://tieba.baidu.com/home/main?un=ÁúãÁªôÂìàÂ∞±Ëµ∞Âíß&id=69b6e79c8be7bb99e59388e5b0b1e8b5b0e592a7e05f&from=live&ie=utf-8
http://tieba.baidu.com/home/main?un=ÁúãÁªôÂìàÂ∞±Ëµ∞Âíß&id=69b6e79c8be7bb99e59388e5b0b1e8b5b0e592a7e05f&from=live&ie=utf-8
http://tieba.baidu.com/p/6172854583?pid=126319557144#126319557144

http://tieba.baidu.com/home/main?un=fl8885213&id=defa666c383838353231333a12&from=live&ie=utf-8
http://tieba.baidu.com/home/main?un=fl8885213&id=defa666c383838353231333a12&from=live&ie=utf-8
http://tieba.baidu.com/p/6172854583?pid=126319564477#126319564477

http://tieba.baidu.com/home/main?un=TANTANT96&id=a3d854414e54414e54393671c9&from=live&ie=utf-8
http://tieba.baidu.com/home/main?un=TANTANT96&id=a3d854414e54414e54393671c9&from=live&ie=utf-8
http://tieba.baidu.com/p/6172854583?pid=126319777170#126319777170

http://tieba.baidu.com/home/main?un=JUSTÈáéÂ§ú&id=e57b4a555354e9878ee5a49cab9c&from=live&ie=utf-8
http://tieba.baidu.com/home/main?un=JUSTÈáéÂ§ú&id=e57b4a555354e9878ee5a49cab9c&from=live&ie=utf-8
http://tieba.baidu.com/p/6172854583?pid=126319902149#126319902149

http://tieba.baidu.com/home/main?un=JUSTÈáéÂ§ú&id=e57b4a555354e9878ee5a49cab9c&from=live&ie=utf-8
http://tieba.baidu.com/home/main?un=JUSTÈáéÂ§ú&id=e57b4a555354e9878ee5a49cab9c&from=live&ie=utf-8
http://tieba.baidu.com/p/6172854583?pid=126319908034#126319908034

http://tieba.baidu.com/home/main?un=JUSTÈáéÂ§ú&id=e57b4a555354e9878ee5a49cab9c&from=live&ie=utf-8
http://tieba.baidu.com/home/main?un=JUSTÈáéÂ§ú&id=e57b4a555354e9878ee5a49cab9c&from=live&ie=utf-8
http://tieba.baidu.com/p/6172854583?pid=126319913998#126319913998

http://tieba.baidu.com/home/main?un=JUSTÈáéÂ§ú&id=e57b4a555354e9878ee5a49cab9c&from=live&ie=utf-8
http://tieba.baidu.com/home/main?un=JUSTÈáéÂ§ú&id=e57b4a555354e9878ee5a49cab9c&from=live&ie=utf-8
http://tieba.baidu.com/p/6172854583?pid=126319922535#126319922535

http://tieba.baidu.com/home/main?un=JUSTÈáéÂ§ú&id=e57b4a555354e9878ee5a49cab9c&from=live&ie=utf-8
http://tieba.baidu.com/home/main?un=JUSTÈáéÂ§ú&id=e57b4a555354e9878ee5a49cab9c&from=live&ie=utf-8
http://tieba.baidu.com/p/6172854583?pid=126319926090#126319926090

http://tieba.baidu.com/home/main?un=ÈóÆÈ¢òÈ£ûÈ£ûÂæàÈ´ò&id=2cf7e997aee9a298e9a39ee9a39ee5be88e9ab98f10e&from=live&ie=utf-8
http://tieba.baidu.com/home/main?un=ÈóÆÈ¢òÈ£ûÈ£ûÂæàÈ´ò&id=2cf7e997aee9a298e9a39ee9a39ee5be88e9ab98f10e&from=live&ie=utf-8
http://tieba.baidu.com/p/6172854583?pid=126320013988#126320013988

http://tieba.baidu.com/home/main?un=‰∏ÄÂè£ËÄÅÁÉüÊ∑±‰ººÊµ∑&id=161ae4b880e58fa3e88081e7839fe6b7b1e4bcbce6b5b76ea6&from=live&ie=utf-8
http://tieba.baidu.com/home/main?un=‰∏ÄÂè£ËÄÅÁÉüÊ∑±‰ººÊµ∑&id=161ae4b880e58fa3e88081e7839fe6b7b1e4bcbce6b5b76ea6&from=live&ie=utf-8
http://tieba.baidu.com/p/6172854583?pid=126320041797#126320041797

http://tieba.baidu.com/home/main?un=‰∏ÉÂ§úÂê¨Èõ™11&id=2268e4b883e5a49ce590ace99baa31316525&from=live&ie=utf-8
http://tieba.baidu.com/home/main?un=‰∏ÉÂ§úÂê¨Èõ™11&id=2268e4b883e5a49ce590ace99baa31316525&from=live&ie=utf-8
http://tieba.baidu.com/p/6172854583?pid=126320055482#126320055482

http://tieba.baidu.com/home/main?un=qq1764714841&id=a0897171313736343731343834316738&from=live&ie=utf-8
http://tieba.baidu.com/home/main?un=qq1764714841&id=a0897171313736343731343834316738&from=live&ie=utf-8
http://tieba.baidu.com/p/6172854583?pid=126320065531#126320065531

http://tieba.baidu.com/home/main?un=Ë•øÊ∏ØÈõá‰Ω£ÂÖµ&id=1cdee8a5bfe6b8afe99b87e4bda3e585b5baf5&from=live&ie=utf-8
http://tieba.baidu.com/home/main?un=Ë•øÊ∏ØÈõá‰Ω£ÂÖµ&id=1cdee8a5bfe6b8afe99b87e4bda3e585b5baf5&from=live&ie=utf-8
http://tieba.baidu.com/p/6172854583?pid=126320088136#126320088136

http://tieba.baidu.com/home/main?un=‰∏ÄËµ∑Êï∞ÂÜÖË£§&id=db30e4b880e8b5b7e695b0e58685e8a3a4ba32&from=live&ie=utf-8
http://tieba.baidu.com/home/main?un=‰∏ÄËµ∑Êï∞ÂÜÖË£§&id=db30e4b880e8b5b7e695b0e58685e8a3a4ba32&from=live&ie=utf-8
http://tieba.baidu.com/p/6172854583?pid=126320179350#126320179350

http://tieba.baidu.com/home/main?un=Áß¶ÂπøÁéãÂà§Ë®Ä&id=74a8e7a7a6e5b9bfe78e8be588a4e8a8805f51&from=live&ie=utf-8
http://tieba.baidu.com/home/main?un=Áß¶ÂπøÁéãÂà§Ë®Ä&id=74a8e7a7a6e5b9bfe78e8be588a4e8a8805f51&from=live&ie=utf-8
http://tieba.baidu.com/p/6172854583?pid=126320188978#126320188978

https://tiebac.baidu.com/c/s/download/pc?src=webtb#android
http://tieba.baidu.com/home/main?un=Áß¶ÂπøÁéãÂà§Ë®Ä&id=74a8e7a7a6e5b9bfe78e8be588a4e8a8805f51&from=live&ie=utf-8
http://tieba.baidu.com/home/main?un=Áß¶ÂπøÁéãÂà§Ë®Ä&id=74a8e7a7a6e5b9bfe78e8be588a4e8a8805f51&from=live&ie=utf-8
http://tieba.baidu.com/p/6172854583?pid=126320190191#126320190191

https://tiebac.baidu.com/c/s/download/pc?src=webtb#android
http://tieba.baidu.com/home/main?un=Áß¶ÂπøÁéãÂà§Ë®Ä&id=74a8e7a7a6e5b9bfe78e8be588a4e8a8805f51&from=live&ie=utf-8
http://tieba.baidu.com/home/main?un=Áß¶ÂπøÁéãÂà§Ë®Ä&id=74a8e7a7a6e5b9bfe78e8be588a4e8a8805f51&from=live&ie=utf-8
http://tieba.baidu.com/p/6172854583?pid=126320191552#126320191552

https://tiebac.baidu.com/c/s/download/pc?src=webtb#android
http://tieba.baidu.com/home/main?un=Áß¶ÂπøÁéãÂà§Ë®Ä&id=74a8e7a7a6e5b9bfe78e8be588a4e8a8805f51&from=live&ie=utf-8
http://tieba.baidu.com/home/main?un=Áß¶ÂπøÁéãÂà§Ë®Ä&id=74a8e7a7a6e5b9bfe78e8be588a4e8a8805f51&from=live&ie=utf-8
http://tieba.baidu.com/p/6172854583?pid=126320192608#126320192608

https://tiebac.baidu.com/c/s/download/pc?src=webtb#android
http://tieba.baidu.com/home/main?un=Áß¶ÂπøÁéãÂà§Ë®Ä&id=74a8e7a7a6e5b9bfe78e8be588a4e8a8805f51&from=live&ie=utf-8
http://tieba.baidu.com/home/main?un=Áß¶ÂπøÁéãÂà§Ë®Ä&id=74a8e7a7a6e5b9bfe78e8be588a4e8a8805f51&from=live&ie=utf-8
http://tieba.baidu.com/p/6172854583?pid=126320193752#126320193752

https://tiebac.baidu.com/c/s/download/pc?src=webtb#android
http://tieba.baidu.com/home/main?un=Áß¶ÂπøÁéãÂà§Ë®Ä&id=74a8e7a7a6e5b9bfe78e8be588a4e8a8805f51&from=live&ie=utf-8
http://tieba.baidu.com/home/main?un=Áß¶ÂπøÁéãÂà§Ë®Ä&id=74a8e7a7a6e5b9bfe78e8be588a4e8a8805f51&from=live&ie=utf-8
http://tieba.baidu.com/p/6172854583?pid=126320194766#126320194766

https://tiebac.baidu.com/c/s/download/pc?src=webtb#android
http://tieba.baidu.com/home/main?un=MrGouËõã&id=621b4d72476f75e89b8bef6f&from=live&ie=utf-8
http://tieba.baidu.com/home/main?un=MrGouËõã&id=621b4d72476f75e89b8bef6f&from=live&ie=utf-8
http://tieba.baidu.com/p/6172854583?pid=126320262736#126320262736

https://tiebac.baidu.com/c/s/download/pc?src=webtb#android
http://tieba.baidu.com/home/main?un=qq852887157&id=0d2e7171383532383837313537990a&from=live&ie=utf-8
http://tieba.baidu.com/home/main?un=qq852887157&id=0d2e7171383532383837313537990a&from=live&ie=utf-8
http://tieba.baidu.com/p/6172854583?pid=126320321946#126320321946

http://tieba.baidu.com/home/main?un=qq852887157&id=0d2e7171383532383837313537990a&from=live&ie=utf-8
http://tieba.baidu.com/home/main?un=qq852887157&id=0d2e7171383532383837313537990a&from=live&ie=utf-8
http://tieba.baidu.com/p/6172854583?pid=126320323078#126320323078

http://tieba.baidu.com/home/main?un=qq852887157&id=0d2e7171383532383837313537990a&from=live&ie=utf-8
http://tieba.baidu.com/home/main?un=qq852887157&id=0d2e7171383532383837313537990a&from=live&ie=utf-8
http://tieba.baidu.com/p/6172854583?pid=126320323933#126320323933

http://tieba.baidu.com/home/main?un=qq852887157&id=0d2e7171383532383837313537990a&from=live&ie=utf-8
http://tieba.baidu.com/home/main?un=qq852887157&id=0d2e7171383532383837313537990a&from=live&ie=utf-8
http://tieba.baidu.com/p/6172854583?pid=126320324821#126320324821




https://tieba.baidu.com/javascript:;
https://tieba.baidu.com/p/6170910434
https://tieba.baidu.com/tbmall/tshow
https://tieba.baidu.com/home/main/?un=%E6%97%A0%E5%AD%97%E6%95%99%E7%A7%91%E4%B9%A6&ie=utf-8&id=28f8e697a0e5ad97e69599e7a791e4b9a63006&fr=frs
https://tieba.baidu.com/f?ie=utf-8&amp;kw=%E8%9B%87%E5%A4%AB%E5%BA%A7&amp;fr=search
https://tieba.baidu.com/javascript:;
https://tieba.baidu.com/p/6174582318
https://tieba.baidu.com/home/main/?un=%E4%B8%8D%E6%9B%BE%E4%BC%A0%E8%AF%B4%E8%BF%87&ie=utf-8&id=90e1e4b88de69bbee4bca0e8afb4e8bf87c71a&fr=frs
https://tieba.baidu.com/f?kw=Áé©ÂÆ∂ËÆ§ËØÅ&amp;ie=utf-8
https://tieba.baidu.com/javascript:;
https://tieba.baidu.com/p/6132068127
https://tieba.baidu.com/tbmall/tshow
https://tieba.baidu.com/home/main/?un=%E8%8B%B1%E4%B8%89%E5%98%89%E5%93%A5&ie=utf-8&id=f4bae88bb1e4b889e59889e593a5fd2f&fr=frs
https://tieba.baidu.com/f?ie=utf-8&amp;kw=%E8%9B%87%E5%A4%AB%E5%BA%A7&amp;fr=search
https://tieba.baidu.com/f?ie=utf-8&amp;kw=%E8%9B%87%E5%A4%AB%E5%BA%A7&amp;fr=search
https://tieba.baidu.com/f?ie=utf-8&amp;kw=%E8%8B%B1%E4%B8%89%E5%98%89%E5%93%A5&amp;fr=search
https://tieba.baidu.com/javascript:;
https://tieba.baidu.com/p/6176028793
https://tieba.baidu.com/home/main/?un=%E9%94%A6%E7%88%B1%E9%A9%AC%E6%A2%A6&ie=utf-8&id=ea79e994a6e788b1e9a9ace6a2a67473&fr=frs
https://tieba.baidu.com/f?kw=Áé©ÂÆ∂ËÆ§ËØÅ&amp;ie=utf-8



https://tieba.baidu.com/home/main/?un=%E5%90%8D%E5%AD%97%E5%93%8D%E4%BA%AE555&ie=utf-8&id=c49be5908de5ad97e5938de4baae3535356296&fr=frs
https://tieba.baidu.com/p/6177046582
https://tieba.baidu.com/home/main/?un=911cxh&ie=utf-8&id=80e63931316378680264&fr=frs
https://tieba.baidu.com/home/main/?un=%E5%A4%A7%E7%B4%80%E5%85%83%E7%8C%A1%E5%B1%81%E4%BC%8F%E8%99%8E&ie=utf-8&id=125de5a4a7e7b480e58583e78ca1e5b181e4bc8fe8998ef0e4&fr=frs
https://tieba.baidu.com/p/6176208625
https://tieba.baidu.com/home/main/?un=%E9%99%90%E5%88%B6%E7%BA%A7%E8%B5%84%E6%BA%90%E5%BA%93&ie=utf-8&id=039de99990e588b6e7baa7e8b584e6ba90e5ba9317f4&fr=frs
https://tieba.baidu.com/f?kw=Áé©ÂÆ∂ËÆ§ËØÅ&amp;ie=utf-8



https://tieba.baidu.com/home/main/?un=MC_%E4%B9%9D%E5%93%A5&ie=utf-8&id=3c574d435fe4b99de593a5be18&fr=frs
https://tieba.baidu.com/p/6163685978
https://tieba.baidu.com/home/main/?un=%E8%BF%99%E8%82%A1%E7%BB%99%E5%AD%A9%E5%AD%90%E4%BB%AC&ie=utf-8&id=8362e8bf99e882a1e7bb99e5ada9e5ad90e4bbacabf4&fr=frs




https://tieba.baidu.com/home/main/?un=%E5%8F%BC%E7%9D%80%E7%83%9F%E7%8B%99%E5%87%BB&ie=utf-8&id=3f0be58fbce79d80e7839fe78b99e587bb411b&fr=frs
https://tieba.baidu.com/p/6175860918
https://tieba.baidu.com/home/main/?un=%E5%90%B8%E6%B9%BF&ie=utf-8&id=2b7ee590b8e6b9bf0d04&fr=frs
https://tieba.baidu.com/f?ie=utf-8&amp;kw=%E8%9B%87%E5%A4%AB%E5%BA%A7&amp;fr=search




https://tieba.baidu.com/home/main/?un=lw00110011&ie=utf-8&id=a1836c773030313130303131b013&fr=frs
https://tieba.baidu.com/p/6166402942
https://tieba.baidu.com/home/main/?un=king%E7%B3%AF5&ie=utf-8&id=6c0f6b696e67e7b3af35f1e8&fr=frs



https://tieba.baidu.com/home/main/?un=%E5%8A%A0%E7%99%BE%E5%88%A9%E4%B8%B6V&ie=utf-8&id=7338e58aa0e799bee588a9e4b8b6568c3a&fr=frs
https://tieba.baidu.com/p/6176605752
https://tieba.baidu.com/home/main/?un=%E5%93%8E%E5%91%80%E5%93%A6%E4%B9%B0%E5%91%97%E5%91%97%E8%B0%A2&ie=utf-8&id=ca48e5938ee59180e593a6e4b9b0e59197e59197e8b0a269cf&fr=frs
https://tieba.baidu.com/f?kw=Áé©ÂÆ∂ËÆ§ËØÅ&amp;ie=utf-8



https://tieba.baidu.com/home/main/?un=81891777&ie=utf-8&id=ad5d3831383931373737bd07&fr=frs
https://tieba.baidu.com/p/6161823613
https://tieba.baidu.com/home/main/?un=%E9%98%BF%E5%8A%A0%E8%A5%BF889988&ie=utf-8&id=3fb6e998bfe58aa0e8a5bf38383939383857f4&fr=frs
https://tieba.baidu.com/f?kw=Áé©ÂÆ∂ËÆ§ËØÅ&amp;ie=utf-8



https://tieba.baidu.com/home/main/?un=Os%E9%AA%91%E7%8C%AA%E5%85%9C%E5%9C%88&ie=utf-8&id=8a7f4f73e9aa91e78caae5859ce59c88a696&fr=frs
https://tieba.baidu.com/p/6176281029
https://tieba.baidu.com/home/main/?un=s273621186&ie=utf-8&id=4ca4733237333632313138361137&fr=frs



https://tieba.baidu.com/home/main/?un=%E5%AE%87%E5%85%89%E5%8D%81%E8%89%B2HD&ie=utf-8&id=4096e5ae87e58589e58d81e889b24844a32e&fr=frs
https://tieba.baidu.com/p/6175620210
https://tieba.baidu.com/home/main/?un=%E9%9D%99%E5%85%BB%E4%B8%89%E5%B9%B4&ie=utf-8&id=0f04e99d99e585bbe4b889e5b9b47651&fr=frs





https://tieba.baidu.com/home/main/?un=%E6%8D%8F%E6%80%80%E5%9F%8B%E7%9F%9B%E7%9B%88&ie=utf-8&id=14ebe68d8fe68080e59f8be79f9be79b88fb2e&fr=frs
https://tieba.baidu.com/p/6177756402
https://tieba.baidu.com/home/main/?un=%E6%9D%8Eliwenhao930&ie=utf-8&id=6326e69d8e6c6977656e68616f39333070c8&fr=frs
https://tieba.baidu.com/home/main/?un=%E6%9D%8Eliwenhao930&ie=utf-8&id=6326e69d8e6c6977656e68616f39333070c8&fr=frs
https://tieba.baidu.com/p/6165593185
https://tieba.baidu.com/home/main/?un=yte981&ie=utf-8&id=58db797465393831c781&fr=frs
https://tieba.baidu.com/f?kw=Áé©ÂÆ∂ËÆ§ËØÅ&amp;ie=utf-8





https://tieba.baidu.com/home/main/?un=yte981&ie=utf-8&id=58db797465393831c781&fr=frs
https://tieba.baidu.com/p/6176883752
https://tieba.baidu.com/home/main/?un=%E9%99%88%E8%8F%B2%E8%8F%B2920920&ie=utf-8&id=9eaee99988e88fb2e88fb2393230393230bfe7&fr=frs
https://tieba.baidu.com/f?ie=utf-8&amp;kw=%E8%9B%87%E5%A4%AB%E5%BA%A7&amp;fr=search



https://tieba.baidu.com/home/main/?un=%E5%86%9B%E5%B8%88%E9%B9%BF&ie=utf-8&id=6551e5869be5b888e9b9bf9a56&fr=frs
https://tieba.baidu.com/p/6175104140
https://tieba.baidu.com/home/main/?un=zhou_815_chown&ie=utf-8&id=c0337a686f755f3831355f63686f776e5807&fr=frs



https://tieba.baidu.com/home/main/?un=%E5%8A%A9%E5%90%AF%E6%B3%A8%E5%86%8C%E5%85%AC%E5%8F%B8&ie=utf-8&id=bd08e58aa9e590afe6b3a8e5868ce585ace58fb80c44&fr=frs
https://tieba.baidu.com/p/6177583579
https://tieba.baidu.com/home/main/?un=%E9%B1%BC%E5%AE%9B%E5%B0%BE&ie=utf-8&id=1dc7e9b1bce5ae9be5b0be323b&fr=frs





https://tieba.baidu.com/home/main/?un=%E7%8B%82%E9%87%8ERM_Power&ie=utf-8&id=2288e78b82e9878e524d5f506f7765728e9c&fr=frs
https://tieba.baidu.com/p/6174801450
https://tieba.baidu.com/tbmall/tshow
https://tieba.baidu.com/home/main/?un=%E4%BB%97%E8%B4%B1%E6%89%93%E5%A4%A9%E4%B8%8B&ie=utf-8&id=1b26e4bb97e8b4b1e68993e5a4a9e4b88bc946&fr=frs
https://tieba.baidu.com/p/3178646589
https://tieba.baidu.com/f?ie=utf-8&amp;kw=%E8%9B%87%E5%A4%AB%E5%BA%A7&amp;fr=search
https://tieba.baidu.com/f?ie=utf-8&amp;kw=%E8%9B%87%E5%A4%AB%E5%BA%A7&amp;fr=search





https://tieba.baidu.com/home/main/?un=%E4%BB%97%E8%B4%B1%E6%89%93%E5%A4%A9%E4%B8%8B&ie=utf-8&id=1b26e4bb97e8b4b1e68993e5a4a9e4b88bc946&fr=frs
https://tieba.baidu.com/p/6177740909
https://tieba.baidu.com/home/main/?un=%E6%9D%A5%E8%87%AA%E4%B8%9C%E6%96%B9%E7%9A%84%E4%BC%9F%E5%93%A5&ie=utf-8&id=8e89e69da5e887aae4b89ce696b9e79a84e4bc9fe593a53738&fr=frs
https://tieba.baidu.com/f?kw=Áé©ÂÆ∂ËÆ§ËØÅ&amp;ie=utf-8





https://tieba.baidu.com/home/main/?un=%E6%9D%A5%E8%87%AA%E4%B8%9C%E6%96%B9%E7%9A%84%E4%BC%9F%E5%93%A5&ie=utf-8&id=8e89e69da5e887aae4b89ce696b9e79a84e4bc9fe593a53738&fr=frs
https://tieba.baidu.com/p/6176143228
https://tieba.baidu.com/home/main/?un=%E6%9E%B8%E6%9D%9E%E7%9C%9F%E4%BA%BA&ie=utf-8&id=0b57e69eb8e69d9ee79c9fe4baba9462&fr=frs




https://tieba.baidu.com/home/main/?un=15209194052&ie=utf-8&id=980e3135323039313934303532f220&fr=frs
https://tieba.baidu.com/p/6176646009
https://tieba.baidu.com/home/main/?un=%E9%AD%8F%E5%9B%BD%E6%99%AE%E9%80%9A%E5%9F%8E%E9%98%B2%E5%86%9B&ie=utf-8&id=6ffae9ad8fe59bbde699aee9809ae59f8ee998b2e5869b7993&fr=frs




https://tieba.baidu.com/home/main/?un=%E8%AF%A5%E6%AD%BB%E7%9A%847%E4%B8%AA%E5%AD%97%E5%95%8A&ie=utf-8&id=3c1fe8afa5e6adbbe79a8437e4b8aae5ad97e5958ada5f&fr=frs
https://tieba.baidu.com/p/6177590511
https://tieba.baidu.com/home/main/?un=langhezsb&ie=utf-8&id=768e6c616e6768657a73621833&fr=frs



https://tieba.baidu.com/home/main/?un=langhezsb&ie=utf-8&id=768e6c616e6768657a73621833&fr=frs
https://tieba.baidu.com/p/6175559209
https://tieba.baidu.com/home/main/?un=%E6%84%9F%E8%B0%A2%E7%B6%93%E5%8E%86_&ie=utf-8&id=f089e6849fe8b0a2e7b693e58e865ff98b&fr=frs
https://tieba.baidu.com/home/main/?un=%E6%9D%A8%E6%9F%B3%E6%97%A0%E6%A0%B9&ie=utf-8&id=833ce69da8e69fb3e697a0e6a0b9661d&fr=frs
https://tieba.baidu.com/p/6175710012
https://tieba.baidu.com/home/main/?un=%E6%88%91%E6%98%AF%E6%BA%BA%E7%88%B9&ie=utf-8&id=7cd1e68891e698afe6babae788b98c8d&fr=frs



https://tieba.baidu.com/home/main/?un=%E6%88%91%E6%98%AF%E6%BA%BA%E7%88%B9&ie=utf-8&id=7cd1e68891e698afe6babae788b98c8d&fr=frs
https://tieba.baidu.com/p/6175507486
https://tieba.baidu.com/home/main/?un=%E6%B2%A1%E4%BA%8B%E5%B8%AE%E6%88%91%E4%BC%A0&ie=utf-8&id=c9dee6b2a1e4ba8be5b8aee68891e4bca01161&fr=frs





https://tieba.baidu.com/home/main/?un=%E6%9F%90%E6%9F%90%E4%BA%BA%E6%89%8D%E5%90%9B&ie=utf-8&id=b944e69f90e69f90e4babae6898de5909b9839&fr=frs
https://tieba.baidu.com/p/6175347782
https://tieba.baidu.com/home/main/?un=s100sp2006&ie=utf-8&id=d927733130307370323030363d0c&fr=frs



https://tieba.baidu.com/home/main/?un=qianxuanlinger&ie=utf-8&id=a0d07169616e7875616e6c696e6765723320&fr=frs
https://tieba.baidu.com/p/6177742532
https://tieba.baidu.com/tbmall/tshow
https://tieba.baidu.com/home/main/?un=%E7%A7%8B%E5%A4%A9%E5%B7%B2%E9%80%9D%E5%8E%BB%E4%B8%B6&ie=utf-8&id=0ff9e7a78be5a4a9e5b7b2e9809de58ebbe4b8b68f48&fr=frs
https://tieba.baidu.com/f?ie=utf-8&amp;kw=%E8%9B%87%E5%A4%AB%E5%BA%A7&amp;fr=search



https://tieba.baidu.com/home/main/?un=%E6%9F%90%E6%9F%90%E4%BA%BA%E6%89%8D%E5%90%9B&ie=utf-8&id=b944e69f90e69f90e4babae6898de5909b9839&fr=frs
https://tieba.baidu.com/p/6177678081
https://tieba.baidu.com/home/main/?un=%E7%94%A8%E4%BB%80%E4%B9%88%E8%BE%93%E5%85%A5%E6%B3%95%E5%91%A2&ie=utf-8&id=8af6e794a8e4bb80e4b988e8be93e585a5e6b395e591a25493&fr=frs



https://tieba.baidu.com/home/main/?un=viper966&ie=utf-8&id=c71576697065723936365ca7&fr=frs
https://tieba.baidu.com/p/6177755674
https://tieba.baidu.com/home/main/?un=ok%E6%BB%B4%E6%BB%B4%E6%BB%B4973&ie=utf-8&id=19bb6f6be6bbb4e6bbb4e6bbb439373310e5&fr=frs
https://tieba.baidu.com/home/main/?un=ok%E6%BB%B4%E6%BB%B4%E6%BB%B4973&ie=utf-8&id=19bb6f6be6bbb4e6bbb4e6bbb439373310e5&fr=frs
https://tieba.baidu.com/p/6169927951
https://tieba.baidu.com/home/main/?un=%E8%B5%8C%E8%9B%87217&ie=utf-8&id=4d67e8b58ce89b87323137b63f&fr=frs



https://tieba.baidu.com/home/main/?un=%E9%9B%A8%E4%B8%AD%E4%B8%80%E5%AD%A4%E6%9E%AB&ie=utf-8&id=c0b2e99ba8e4b8ade4b880e5ada4e69eab980a&fr=frs
https://tieba.baidu.com/p/6176441716
https://tieba.baidu.com/home/main/?un=249789661&ie=utf-8&id=77973234393738393636317613&fr=frs




https://tieba.baidu.com/home/main/?un=hgfd%E9%97%AF%E5%A4%A9%E6%B6%AF&ie=utf-8&id=377c68676664e997afe5a4a9e6b6afea43&fr=frs
https://tieba.baidu.com/p/6177182339
https://tieba.baidu.com/home/main/?un=%E8%8C%97%E4%BA%BA%E5%A0%82%E6%96%91&ie=utf-8&id=adaae88c97e4babae5a082e696910155&fr=frs



https://tieba.baidu.com/home/main/?un=%E6%B2%A1%E4%BA%8B%E5%84%BF%E5%9A%BC%E6%A0%B9%E8%90%9D%E5%8D%9C&ie=utf-8&id=6e2be6b2a1e4ba8be584bfe59abce6a0b9e8909de58d9cb39b&fr=frs
https://tieba.baidu.com/p/6047649735
https://tieba.baidu.com/home/main/?un=%E5%88%98%E7%A6%8F%E6%88%908&ie=utf-8&id=ee33e58898e7a68fe68890385e27&fr=frs



https://tieba.baidu.com/home/main/?un=%E7%A7%8B%E9%A3%8E%E8%90%A7%E7%91%9F%E4%B8%B6%E4%B8%B61&ie=utf-8&id=db1be7a78be9a38ee890a7e7919fe4b8b6e4b8b6311c33&fr=frs
https://tieba.baidu.com/p/6177218239
https://tieba.baidu.com/tbmall/tshow
https://tieba.baidu.com/home/main/?un=%E8%90%8C%E8%90%8C%E5%93%92%E7%9A%84%E5%A4%9C%E8%8A%AF&ie=utf-8&id=db96e8908ce8908ce59392e79a84e5a49ce88aaf607a&fr=frs
https://tieba.baidu.com/f?kw=Áé©ÂÆ∂ËÆ§ËØÅ&amp;ie=utf-8




https://tieba.baidu.com/home/main/?un=%E4%B9%9D%E9%A1%BE%E6%9C%89%E4%BD%95%E8%B4%B5%E5%B9%B2%E7%9A%84&ie=utf-8&id=b2e6e4b99de9a1bee69c89e4bd95e8b4b5e5b9b2e79a844265&fr=frs
https://tieba.baidu.com/p/6177755375
https://tieba.baidu.com/home/main/?un=sunny19850327&ie=utf-8&id=57c673756e6e793139383530333237fc53&fr=frs



https://tieba.baidu.com/home/main/?un=sunny19850327&ie=utf-8&id=57c673756e6e793139383530333237fc53&fr=frs
https://tieba.baidu.com/p/6175284254
https://tieba.baidu.com/home/main/?un=%E5%9B%9B%E7%9A%87%E4%BA%B2%E7%88%B9&ie=utf-8&id=8ba3e59b9be79a87e4bab2e788b949eb&fr=frs





https://tieba.baidu.com/home/main/?un=tensai%E7%9B%8F&ie=utf-8&id=b75774656e736169e79b8fec33&fr=frs
https://tieba.baidu.com/p/6177038871
https://tieba.baidu.com/home/main/?un=%E6%88%91%E5%92%8C%E7%88%B8%E7%88%B8%E9%83%BD%E5%BE%88%E5%B8%85&ie=utf-8&id=d95ee68891e5928ce788b8e788b8e983bde5be88e5b885610d&fr=frs



https://tieba.baidu.com/home/main/?un=%E8%AE%B8%E5%A5%B9%E7%99%BD%E5%A4%B4&ie=utf-8&id=be88e8aeb8e5a5b9e799bde5a4b49ba4&fr=frs
https://tieba.baidu.com/p/6177713764
https://tieba.baidu.com/home/main/?un=abcdefj393&ie=utf-8&id=eb746162636465666a3339334f2c&fr=frs
https://tieba.baidu.com/f?kw=Áé©ÂÆ∂ËÆ§ËØÅ&amp;ie=utf-8



https://tieba.baidu.com/home/main/?un=songxianf720&ie=utf-8&id=5644736f6e677869616e66373230b359&fr=frs
https://tieba.baidu.com/p/6173162684
https://tieba.baidu.com/home/main/?un=%E6%B7%B7%E5%85%83%E7%81%AD%E4%B8%96&ie=utf-8&id=ee91e6b7b7e58583e781ade4b8967552&fr=frs





https://tieba.baidu.com/home/main/?un=CubanHideaway&ie=utf-8&id=710d437562616e486964656177617901a9&fr=frs
https://tieba.baidu.com/p/6176237195
https://tieba.baidu.com/home/main/?un=ly510788122&ie=utf-8&id=78156c79353130373838313232e31d&fr=frs




https://tieba.baidu.com/home/main/?un=wuwang710&ie=utf-8&id=0f3d777577616e67373130c31e&fr=frs
https://tieba.baidu.com/p/6176868888
https://tieba.baidu.com/home/main/?un=%E8%AF%B4%E7%9D%81%E5%88%98%E5%A2%93%E6%84%89&ie=utf-8&id=da77e8afb4e79d81e58898e5a293e68489e3bf&fr=frs



https://tieba.baidu.com/home/main/?un=%E6%AD%BB%E9%A3%9Edaili&ie=utf-8&id=b976e6adbbe9a39e6461696c699a3b&fr=frs
https://tieba.baidu.com/p/6177754950
https://tieba.baidu.com/home/main/?un=%E6%98%8E%E5%AA%9A%E5%A6%82%E8%8A%B1%E4%BE%9D%E8%AF%BA%E6%81%B6&ie=utf-8&id=5277e6988ee5aa9ae5a682e88ab1e4be9de8afbae681b672cf&fr=frs



https://tieba.baidu.com/home/main/?un=%E6%98%8E%E5%AA%9A%E5%A6%82%E8%8A%B1%E4%BE%9D%E8%AF%BA%E6%81%B6&ie=utf-8&id=5277e6988ee5aa9ae5a682e88ab1e4be9de8afbae681b672cf&fr=frs
https://tieba.baidu.com/p/6177331244
https://tieba.baidu.com/home/main/?un=%E5%95%8A%E9%A3%92%E9%A3%92%E6%B3%95%E5%95%8A&ie=utf-8&id=3277e5958ae9a392e9a392e6b395e5958a7b91&fr=frs



https://tieba.baidu.com/home/main/?un=Rokit668&ie=utf-8&id=8fcf526f6b6974363638e049&fr=frs
https://tieba.baidu.com/p/6177736128
https://tieba.baidu.com/home/main/?un=%E6%89%8B%E5%8A%A8%E6%97%B6%E4%BB%A3team&ie=utf-8&id=4462e6898be58aa8e697b6e4bba37465616dc11b&fr=frs



https://tieba.baidu.com/home/main/?un=lin%E5%8A%A8%E5%8A%A8&ie=utf-8&id=f1d36c696ee58aa8e58aa869c1&fr=frs
https://tieba.baidu.com/p/6177451251
https://tieba.baidu.com/home/main/?un=%E5%81%B6%E6%98%AF%E5%80%AA%E6%BB%B4%E6%83%85%E6%95%8C&ie=utf-8&id=359ce581b6e698afe580aae6bbb4e68385e6958cbb18&fr=frs
https://tieba.baidu.com/f?ie=utf-8&amp;kw=%E8%9B%87%E5%A4%AB%E5%BA%A7&amp;fr=search
https://tieba.baidu.com/home/main/?un=%E5%92%8C%E8%87%AA%E5%B7%B1%E8%BE%83%E5%8A%B2%E7%9A%84%E4%BA%BA&ie=utf-8&id=60cde5928ce887aae5b7b1e8be83e58ab2e79a84e4babafb43&fr=frs
https://tieba.baidu.com/p/6173103087
https://tieba.baidu.com/home/main/?un=%E7%A9%B7%E7%9F%AE%E4%B8%91%E4%BD%A0%E4%BC%A4%E4%B8%8D%E8%B5%B7&ie=utf-8&id=53abe7a9b7e79faee4b891e4bda0e4bca4e4b88de8b5b7f220&fr=frs
https://tieba.baidu.com/f?kw=Áé©ÂÆ∂ËÆ§ËØÅ&amp;ie=utf-8



https://tieba.baidu.com/home/main/?un=%E5%B0%8F%E9%89%86%E9%A3%8E%E6%9D%A5%E5%B7%A1%E5%B1%B1&ie=utf-8&id=9dafe5b08fe98986e9a38ee69da5e5b7a1e5b1b15739&fr=frs
https://tieba.baidu.com/p/6175619111
https://tieba.baidu.com/home/main/?un=%E9%A3%9E%E5%A4%A9%E7%99%BD%E7%99%BD%E9%BE%99&ie=utf-8&id=91e0e9a39ee5a4a9e799bde799bde9be994c31&fr=frs



https://tieba.baidu.com/home/main/?un=%E5%A5%B9%E5%BE%88%E5%A5%BDyl&ie=utf-8&id=3f03e5a5b9e5be88e5a5bd796cbdab&fr=frs
https://tieba.baidu.com/p/6173798443
https://tieba.baidu.com/home/main/?un=%E9%9A%94%E5%A3%81%E6%A5%A0%E5%8F%94%E5%8F%941&ie=utf-8&id=b72ee99a94e5a381e6a5a0e58f94e58f94316dd3&fr=frs




https://tieba.baidu.com/home/main/?un=%E6%A1%83%E9%85%A5%E5%8D%B7%E9%A5%BC%E5%84%BF&ie=utf-8&id=fc86e6a183e985a5e58db7e9a5bce584bf10a8&fr=frs
http://tieba.baidu.com/f?kw=%E6%9D%8E%E6%AF%85&ie=utf-8&pn=50
http://tieba.baidu.com/f?kw=%E6%9D%8E%E6%AF%85&ie=utf-8&pn=100
http://tieba.baidu.com/f?kw=%E6%9D%8E%E6%AF%85&ie=utf-8&pn=150
http://tieba.baidu.com/f?kw=%E6%9D%8E%E6%AF%85&ie=utf-8&pn=200
http://tieba.baidu.com/f?kw=%E6%9D%8E%E6%AF%85&ie=utf-8&pn=250
http://tieba.baidu.com/f?kw=%E6%9D%8E%E6%AF%85&ie=utf-8&pn=300
http://tieba.baidu.com/f?kw=%E6%9D%8E%E6%AF%85&ie=utf-8&pn=350
http://tieba.baidu.com/f?kw=%E6%9D%8E%E6%AF%85&ie=utf-8&pn=400
http://tieba.baidu.com/f?kw=%E6%9D%8E%E6%AF%85&ie=utf-8&pn=450
http://tieba.baidu.com/f?kw=%E6%9D%8E%E6%AF%85&ie=utf-8&pn=50
http://tieba.baidu.com/f?kw=%E6%9D%8E%E6%AF%85&ie=utf-8&pn=17357150
https://tieba.baidu.com/bawu2/platform/listMemberInfo?word=%E6%9D%8E%E6%AF%85&ie=utf-8


http://tieba.baidu.com/f?kw=%E7%BB%BF%E5%B8%BD%E5%AD%90%E5%B0%8F%E5%90%8C%E5%AD%A6
http://tieba.baidu.com/f?kw=%E7%BB%BF%E5%B8%BD%E5%AD%90%E5%B0%8F%E5%90%8C%E5%AD%A6
http://tieba.baidu.com/f?kw=%E7%BB%BF%E5%B8%BD%E5%AD%90%E5%B0%8F%E5%90%8C%E5%AD%A6

http://tieba.baidu.com/f?kw=%E4%B8%89%E5%8F%B6%E8%8D%89
http://tieba.baidu.com/f?kw=%E4%B8%89%E5%8F%B6%E8%8D%89
http://tieba.baidu.com/f?kw=%E4%B8%89%E5%8F%B6%E8%8D%89

http://tieba.baidu.com/f?kw=%E6%A2%A6%E4%B8%89%E5%9B%BD%E5%85%B3%E5%8D%A1
http://tieba.baidu.com/f?kw=%E6%A2%A6%E4%B8%89%E5%9B%BD%E5%85%B3%E5%8D%A1
http://tieba.baidu.com/f?kw=%E6%A2%A6%E4%B8%89%E5%9B%BD%E5%85%B3%E5%8D%A1

http://tieba.baidu.com/f?kw=coc
http://tieba.baidu.com/f?kw=coc
http://tieba.baidu.com/f?kw=coc

http://tieba.baidu.com/f?kw=1268
http://tieba.baidu.com/f?kw=1268
http://tieba.baidu.com/f?kw=1268

http://tieba.baidu.com/f?kw=%E6%AC%A7%E7%BE%8E%E5%B8%85%E5%93%A5
http://tieba.baidu.com/f?kw=%E6%AC%A7%E7%BE%8E%E5%B8%85%E5%93%A5
http://tieba.baidu.com/f?kw=%E6%AC%A7%E7%BE%8E%E5%B8%85%E5%93%A5

http://tieba.baidu.com/f?kw=%E6%AE%8B%E9%85%B7%E6%A0%A1%E5%9B%AD
http://tieba.baidu.com/f?kw=%E6%AE%8B%E9%85%B7%E6%A0%A1%E5%9B%AD
http://tieba.baidu.com/f?kw=%E6%AE%8B%E9%85%B7%E6%A0%A1%E5%9B%AD

http://tieba.baidu.com/f?kw=%E9%AB%98%E5%AF%8C%E5%B8%85
http://tieba.baidu.com/f?kw=%E9%AB%98%E5%AF%8C%E5%B8%85
http://tieba.baidu.com/f?kw=%E9%AB%98%E5%AF%8C%E5%B8%85

http://tieba.baidu.com/f?kw=%E7%A8%B3%E6%B4%BE
http://tieba.baidu.com/f?kw=%E7%A8%B3%E6%B4%BE
http://tieba.baidu.com/f?kw=%E7%A8%B3%E6%B4%BE

http://tieba.baidu.com/f?kw=%E4%B8%80%E5%A4%A7%E5%8F%A3%E5%86%85%E6%B6%B5
http://tieba.baidu.com/f?kw=%E4%B8%80%E5%A4%A7%E5%8F%A3%E5%86%85%E6%B6%B5
http://tieba.baidu.com/f?kw=%E4%B8%80%E5%A4%A7%E5%8F%A3%E5%86%85%E6%B6%B5

http://tieba.baidu.com/f?kw=238
http://tieba.baidu.com/f?kw=238
http://tieba.baidu.com/f?kw=238

http://tieba.baidu.com/f?kw=560
http://tieba.baidu.com/f?kw=560
http://tieba.baidu.com/f?kw=560

http://tieba.baidu.com/f?kw=%E9%80%97%E6%AF%94
http://tieba.baidu.com/f?kw=%E9%80%97%E6%AF%94
http://tieba.baidu.com/f?kw=%E9%80%97%E6%AF%94

http://tieba.baidu.com/f?kw=%E7%A2%89%E5%A0%A1
http://tieba.baidu.com/f?kw=%E7%A2%89%E5%A0%A1
http://tieba.baidu.com/f?kw=%E7%A2%89%E5%A0%A1

http://tieba.baidu.com/f?kw=%E8%BF%99%E4%B8%AA%E5%A3%B0%E9%9F%B3%E5%A4%AA%E5%83%8F%E4%BA%86
http://tieba.baidu.com/f?kw=%E8%BF%99%E4%B8%AA%E5%A3%B0%E9%9F%B3%E5%A4%AA%E5%83%8F%E4%BA%86
http://tieba.baidu.com/f?kw=%E8%BF%99%E4%B8%AA%E5%A3%B0%E9%9F%B3%E5%A4%AA%E5%83%8F%E4%BA%86

http://tieba.baidu.com/f?kw=%E9%BB%84%E6%96%87%E7%85%9C
http://tieba.baidu.com/f?kw=%E9%BB%84%E6%96%87%E7%85%9C
http://tieba.baidu.com/f?kw=%E9%BB%84%E6%96%87%E7%85%9C

https://tieba.baidu.com/javascript:;

https://tieba.baidu.com/f?kw=Á´ûÊäÄ‰ΩìËÇ≤&ie=utf-8
https://tieba.baidu.com/f?ie=utf-8&kw=Ëë°ËêÑÁâô
https://tieba.baidu.com/f?ie=utf-8&kw=Ëë°ËêÑÁâô
https://tieba.baidu.com/f?ie=utf-8&kw=Â®ÅÂ∞îÂ£´Ë∂≥ÁêÉ
https://tieba.baidu.com/f?ie=utf-8&kw=Â®ÅÂ∞îÂ£´Ë∂≥ÁêÉ
https://tieba.baidu.com/bawu2/platform/detailsInfo?word=%E6%9D%8E%E6%AF%85&amp;ie=utf-8
https://tieba.baidu.com/home/main/?un=D8%E5%90%A7%E5%8A%A1%E7%BB%84&ie=utf-8&amp;id=38664438e590a7e58aa1e7bb845a10&amp;fr=frs
https://tieba.baidu.com/home/main/?un=D8%E5%90%A7%E5%8A%A1%E7%BB%84&ie=utf-8&amp;id=38664438e590a7e58aa1e7bb845a10&amp;fr=frs
https://tieba.baidu.com/home/main/?un=%E6%97%A0%E5%AD%97%E6%95%99%E7%A7%91%E4%B9%A6&ie=utf-8&amp;id=28f8e697a0e5ad97e69599e7a791e4b9a63006&amp;fr=frs
https://tieba.baidu.com/home/main/?un=%E6%97%A0%E5%AD%97%E6%95%99%E7%A7%91%E4%B9%A6&ie=utf-8&amp;id=28f8e697a0e5ad97e69599e7a791e4b9a63006&amp;fr=frs
https://tieba.baidu.com/home/main/?un=%E8%8B%B1%E4%B8%89%E5%98%89%E5%93%A5&ie=utf-8&amp;id=f4bae88bb1e4b889e59889e593a5fd2f&amp;fr=frs
https://tieba.baidu.com/home/main/?un=%E8%8B%B1%E4%B8%89%E5%98%89%E5%93%A5&ie=utf-8&amp;id=f4bae88bb1e4b889e59889e593a5fd2f&amp;fr=frs
https://tieba.baidu.com/bawu2/platform/listMemberInfo?word=%E6%9D%8E%E6%AF%85&ie=utf-8
https://tieba.baidu.com/bawu2/platform/listCandidateInfo?word=%E6%9D%8E%E6%AF%85&ie=utf-8
http://weibo.com/dibabaidu
http://tieba.baidu.com/p/2467205614?pid=35669827535&amp;cid=#35669827535
http://tieba.baidu.com/p/4167713438
http://tieba.baidu.com/p/4394560784?see_lz=1&amp;qq-pf-to=pcqq.c2c
https://tieba.baidu.com/p/5341112971
https://tieba.baidu.com/f?kw=Ëã±‰∏âÂòâÂì•&frs=yqtb
https://tieba.baidu.com/f?kw=Ëã±‰∏âÂòâÂì•&frs=yqtb
https://tieba.baidu.com/f?kw=Â∑¥ÁâπÂ∞î&frs=yqtb
https://tieba.baidu.com/f?kw=Â∑¥ÁâπÂ∞î&frs=yqtb
https://tieba.baidu.com/f?kw=‰∏≠ÂçéÂüéÂ∏Ç&frs=yqtb
https://tieba.baidu.com/f?kw=‰∏≠ÂçéÂüéÂ∏Ç&frs=yqtb
https://tieba.baidu.com/f?kw=Â±å‰∏ù&frs=yqtb
https://tieba.baidu.com/f?kw=Â±å‰∏ù&frs=yqtb
https://tieba.baidu.com/f?kw=9Âè∑ÊùéÊØÖÂ§ßÂ∏ù&frs=yqtb
https://tieba.baidu.com/f?kw=9Âè∑ÊùéÊØÖÂ§ßÂ∏ù&frs=yqtb
http://tieba.baidu.com/hottopic/browse/hottopic?topic_id=269999&amp;topic_name=%E5%A1%AB%E5%BF%97%E6%84%BF%E5%9D%91%E5%84%BF%E5%AD%90
http://tieba.baidu.com/hottopic/browse/hottopic?topic_id=270054&amp;topic_name=%E7%AB%A5%E5%B9%B4%E7%9A%84%E5%A4%8F%E5%A4%A9
http://tieba.baidu.com/hottopic/browse/hottopic?topic_id=270049&amp;topic_name=%E4%BA%BA%E7%B1%BB%E7%94%9F%E5%AD%98%E8%AF%81%E6%8D%AE
http://tieba.baidu.com/hottopic/browse/hottopic?topic_id=270053&amp;topic_name=%E7%BE%8E%E5%AE%B9%E5%85%AC%E5%8F%B8%E5%A4%B8%E5%BC%A0%E9%9B%95%E5%A1%91
http://tieba.baidu.com/hottopic/browse/hottopic?topic_id=270048&amp;topic_name=%E5%BC%A0%E8%89%BA%E5%85%B4%E8%B5%B7%E8%AF%89%E9%BB%91%E7%B2%89
http://tieba.baidu.com/hottopic/browse/hottopic?topic_id=270027&amp;topic_name=%E5%AE%B6%E7%94%A8%E9%94%A4%E5%AD%90%E6%98%AF%E6%89%8B%E6%A6%B4%E5%BC%B9
http://tieba.baidu.com/hottopic/browse/hottopic?topic_id=270042&amp;topic_name=%E6%96%B0%E5%B2%B3%E6%AF%8D%E5%88%BA%E5%AD%97
http://tieba.baidu.com/hottopic/browse/hottopic?topic_id=270028&amp;topic_name=%E7%8C%B4%E5%AD%90%E6%8B%BF%E9%92%A5%E5%8C%99%E5%BC%80%E9%97%A8%E9%80%83%E8%B7%91
http://tieba.baidu.com/hottopic/browse/hottopic?topic_id=270023&amp;topic_name=%E8%A9%B9%E5%A7%86%E6%96%AF%E6%8A%8A23%E5%8F%B7%E8%AE%A9%E7%BB%99%E6%B5%93%E7%9C%89
http://tieba.baidu.com/hottopic/browse/hottopic?topic_id=269940&amp;topic_name=%E9%99%88%E6%83%85%E4%BB%A4%E5%BC%80%E6%92%AD

https://tieba.baidu.com/javascript:;
https://tieba.baidu.com/newvote/createvote?kw=%E6%9D%8E%E6%AF%85&ie=utf-8
https://tieba.baidu.com/tb/eula.html
https://tieba.baidu.com/javascript:;
https://tieba.baidu.com/i/sys/jump?type=signsetting
https://tieba.baidu.com/tb/eula.html
https://tieba.baidu.com/tb/cms/tieba-fe/tieba_promise.html
http://tieba.baidu.com/tb/system.html
http://tieba.baidu.com/hermes/feedback
https://tieba.baidu.com/tb/zt/declare






http://news.baidu.com/ns?cl=2&rn=20&tn=news&
http://www.baidu.com/s?cl=3&
http://zhidao.baidu.com/q?ct=17&pn=0&tn=ikaslist&rn=10&
http://music.baidu.com/search?fr=tieba&
http://image.baidu.com/i?tn=baiduimage&ct=201326592&lm=-1&cl=2&
http://video.baidu.com/v?ct=301989888&rn=20&pn=0&db=0&s=21&
http://map.baidu.com/m?fr=map006&
http://baike.baidu.com
http://wenku.baidu.com/search?
http://xiangce.baidu.com/home


https://tieba.baidu.com/f/club/class/dir/college








































































































































































































https://tieba.baidu.com/f/f/fdir?fd=%CD%F8%D3%D1%BE%E3%C0%D6%B2%BF&sd=%CD%F8%D3%D1%BE%E3%C0%D6%B2%BF&pn=2
https://tieba.baidu.com/f/tb/eula.html
https://tieba.baidu.com/f/tb/cms/manager_apply/bz_agreement.html
https://tieba.baidu.com/f/f?kw=Ã˘∞…“‚º˚∑¥¿°
https://tieba.baidu.com/f/tb/zt/declare
https://tieba.baidu.com/f/sysmsg/index?type=notity
https://tieba.baidu.com/f/<%=list[i].category_href%>
https://tieba.baidu.com/f/sysmsg/index?type=notity&category_id=<%=list[i].category_id%>

http://news.baidu.com/ns?cl=2&amp;rn=20&amp;tn=news&amp;
http://zhidao.baidu.com/q?ct=17&amp;pn=0&amp;tn=ikaslist&amp;rn=10&amp;
http://www.baidu.com/sf/vsearch?pd=video&amp;tn=vsearch&amp;ct=301989888&amp;rn=20&amp;pn=0&amp;db=0&amp;s=21&amp;rsv_spt=11&amp;
http://music.baidu.com/search?fr=tieba&
http://image.baidu.com/i?tn=baiduimage&amp;ct=201326592&amp;lm=-1&amp;cl=2&amp;ie=gbk&amp;
http://map.baidu.com/m?fr=map006&amp;
http://wenku.baidu.com/search?fr=tieba&lm=0&od=0&



http://tieba.baidu.com/f/search/adv
https://tieba.baidu.com/f/link?client_type=pc_web&tbjump=lid%253D1323490942_26931_13___0%2526url%253Dd729-a22syTOuywqOpBsaaRp9Yl4MpZaYaw2cttLp5vnEHBB3mbtl3PBcqAy5o1rQ_rKhGeGE-H3L9_JtA3heWd3UqqGTYCrGKzSRzm7zIp8KYIA7wPloFGl-vBWwWsppW-TN81xP4iztfwIeO6ZdbP5JcHPlxgRHGBmuFP9WfRx4dBmLIY2P2IeokYCnNpyOr7zLHArfnQcLwBuGp_wKhT4M-I4UfAmIfWyqItapDOeAInXpwOhlZdsgen7hLEOq4Oze9pAPjUHfyslm3DhcmWySXQVq4MMnA_AbJw3s66uizXAYV2CKx5zIK0bnoxtWmoVorCHetGXmGf3xNcO9IC4mptntWvRQ05EoYsQkxfLoMoFZMNRWftY4Dbs1pdeUIk6HFsN1hogrD3zni5YynScFcG9KCpLDV3xs31XM40FSt_9KlhLUj32TNcftFvdCNCEqerwNR8WXGvjMDNyuyG9tmwwS9k9cEvk53evIve8mdMLWRvZxdOOSbWPRFASGNtmHJMJzd7d2cnHpjQHRAmL510MuCVRcxQnrZ-5JGXGVptc1bniAv9KNPnf_GCD4nLcsqHir7UFDy_V9hDj0BqyoeweVuwHMcpEZo3fZ7CYZ1zJ-STsNoP624Y8JfMcRCLQns-3eQ8O7x30uyHhe6v6OjnDfMFSzTUgoP63evh-pdUkq1SsZi-47AYFoFGEg43tP6K_rwwcPCBk4WFJzv8C5GsFnv24i74aQFGu4VTZiRaozHkts_Dsga4j6aV7ENW3zNDyGzmpYE0xursLd6DrZciYyAFtV5vc7YWdKdv3MBOx6iGqMY-u4OfinexE_S-FbA69F7DncLw4a18hz3gAO3C1FMcj9xOJ1K8p4y_I5dIy6cz93g2IQWziqHnFcQ8S0rPwMTMRvXFhL8Z0r28QozPH2Am8YWnzh46l0kpoQX54rrO8b9F9VN1xw4y7mtFuBloGLyvDBBEe3VlYQvLBo90V9_R9iMmrf77XqYkOyqhbZW-2fjaT3Q3xSmPP3O5rpoRNIaxMajFpTCrRMSLWdLIOaowNAfEcZkIPyxTXAHthdR5ZBeVL9Klzj2PQODfyB2y0mdHYHBODqqo1-4tDi1MBgc-Je8gvfbs-jvxQ6zCfSFk5_V92PmpuO9xlS0w2umaF8GDyzZItzJ8bRyn0Zy23_uiwKQw5lCaWeWRH147tG6NlWN8gpTG_035p3b076HqHDc-YccBTtfWJpR0fm92gavBK4NUvUTL1yDl41ZtkqbuS1Se-BqZYBhcR7WB22o_0OYLw6IllNEfll5rd2eMIeZdxC-b6qNudLqTt77PfxhGywJ4_-EkXzfOMJtJ_SpE8LF4FK5lRb0_-OIrjGR7BR9g3&task=&locate=&page=index&type=click&url=http%3A%2F%2Ftieba.baidu.com%2Findex.html%3F&refer=http%3A%2F%2Ftieba.baidu.com&fid=&fname=&uid=&uname=&is_new_user=&tid=&_t=1561713723&obj_id=26931
https://tieba.baidu.com/f/link?client_type=pc_web&tbjump=lid%253D1323490942_36615_13___0%2526url%253Dfe66L8DkVK17AnKVo-wirlGY354UVvNx03qjNvw5R9Av-ALaX2Q2tPRdP74cdHCRdHzy0eMls9GfWkpfdCMc6bLhhMBSTKs8OGPNQP9-9eiYDmSbcH8T66eWpJdEL58e7c3RQdG4nw-B5bxjczk5iXe8QMbtQ6-wRq2rPmnlSDV5iaHSFrkHuJ1rqGiuqJ5WwrX0VeAUrFaGyF-v-GFAyMndkieSL2CJiz4-nz7tOrenLavqs7chVYJbJJp1_ofoOz1iVb0AdSAZiizF5ClVpWS0GKee9lhlaeTjkTIVeDvQu7tfnItD3aMgyCvH37U3tN9UzcquBdDBqHCdRvIPoBhnFGBNJKwh9J-u7IkbzKaZybBgkng_9VwSkbLbbn_sYYdFp_2i-1gvZUysg2TT1QTAJNMVO9vH3cNGqsViYGTYs4Z9OY-aO9cJPE3wefkZD7Ab0R5XENNJ8TVc09efgTkM8P0pUc44_KHNAdqVrTMvgZfRZgDn7T48sBlfq926Cd4EN1x39qBuAVWx-2coA1c3JyAH8y4XvCNmFFQm-345E-jfs7YJO6ckjPLcgVjTszDe_CKfC0hE2TSJqxGWe04mvqmCfms0VenKBQmxOKROdJU_mpv1wv3s02pUx23GwJRGfXb14Lvag9s4RQR7qbgp0bZuIkYQyh9kLtbtqjKVkPFCPhKjNJBOCbHJKcq8ThSl7i5llgPSPKCCnPIBtHY8ec8X5wYqJNFWutFj0qfdlqQsdkwzEt_RcBQR51pWwO7LScDCejMLjCcMOsuThQdsHpw6eUNn6JCbiJNf9mnR2dNpMl8cuJ6_MR3VgJaHVldXWCifUqRNmSUdZ0BgwtQToP_Seip6_PvwdIz-bLSyLuvfUVY_uhul3mey4SuR36r-Nlr6zpR-lXdtKld9szF8pMZiSBcMGFJR6s331M-u021u7wNhBSAvz2suzDVSbEYSZF6Bc9b9uCSxcqlrdvqikj9XFRF2MxZNopKyAl7eEpw4_JCPxhvLQ4Nj2fex61oovkvpdu3ja6ywaZdz0EDMcOHuN_6d2tncZvVwDKJKC7i9WdT2FlpzCoRzeNvdABAv75NRAjCzsR9DFiU42yT7l3CY_1IEnXhe68_7Dy_fIyEt0-6m1WJpJR3PphezmPiV-TP-CSi_0WMb2T8SQmVdeEDivlb2Q0aNUgIGPm0Tkeb-7zklznSIQpW-9yOzChYeUzK5UNbNSjMY7f_HpSnCGKH2ovnJJqEAei8Ci3MfocxUcZ7YVzEPfjD-BchaPjwJyFqv4bFh6OWgRhw1GkNqH-1bmrQJP6ewcS5d0QD6acvBJ8euaQ&task=&locate=&page=index&type=click&url=http%3A%2F%2Ftieba.baidu.com%2Findex.html%3F&refer=http%3A%2F%2Ftieba.baidu.com&fid=&fname=&uid=&uname=&is_new_user=&tid=&_t=1561713723&obj_id=36615
https://tieba.baidu.com/f/link?client_type=pc_web&tbjump=lid%253D1323490942_26726_13___0%2526url%253Df617-f_IvGLcp0ahE8H_ZP08is_UvDOee9W8Np1_bwCz6yMnNJPpvug7Kku1SBz7h76ogkr1trbttn051sGLh66vpbJzQX0Yef9GF_bptHEcYVTE65wuNYTMz8IhFU7LfmfIdMOwiCUCVNvdzVgStaclnI5cdCfJ6S5B2zfbWU0xO1UClVy2nRIQJaAzumQv9yhpr_eiKVstkTncXvt24LIB8eG9Rqvrj-hNfQDXAoOCgAOnqDaZgGK--DqXdZdDrRQ5GcpFkVX4gJFnIiKHOInYRRQ0t7kymQ0X7A6e5sqhQ9GFF_CXF-fKy4znwQYoP_xQWkxhOs8LxlU7f-mgZ6x-8Hg8vwDzgvYRa5oNRqO4bByAXQ91zu_dz9UIT1plQRGB9VB7eopl66U7pcDWhwU1yYjx74ZN50adzhO_aRItHRuIQxoYfnKqjYcAruzifD3PuXGT1_eUepjczOpeb4_71U8dYTqv8TDly8bFUdIruJ1mwT8vCoMIkB233NXFNfMROX-2G4t3M-6ajIXrmSrp_9YrohL8s-jn_5zCFdePTZgqHhvD9FO9ZfhDkdRlkCqguM5WLA6IGEdxWHOrFNq81EQzf_jc1ouwgjLWPWimCE2OijWb5Ixh7jFoQ6jW9DIEcfOixZ5PAFzl30tyCBkhjQ3YFdA0Vme0Gh_eTywvWnyWT4j61X3a7YB-vTFx1P_kEMczvv2mkjxNAFl11tlIleHoJqs1eeolk1l6Tm5zafI6Sa_gFm3IvS_ZhVB8_yXuYr8His0D96e7jNS1R3oHKSfFFlOd6ZiDLBNEiDeYmmY76y-xBl0novsEsOYAbSnjprA2ecfC_BOlq9MFwYkXGbO2gIulSzNwsxlzpyFbPDu7u55BtR4TL-niNtZy8pBEbYlyKw4Fjn0cDmIEqoAdzeSIIw6ABFjnfw17lNsZrMMN4Z5jM5qjzXZeSx0nlhiH6PSaYsMIrPztuwXvV3AaOmjIqLq6h3bXcL9Vswiszs-3GEFIbiovrNORUUrtRtx3K-TSy1gN9ruAeExrthu1i_8A4TkEcp-eDVojOgeJUmmL4a72fTMFxR3rr3_SuhcWfZTK7LhVFsDAbmDmVkkAmbeLoVlF5FO8n-DVRQv0D4hTPWupc_i1Q7dxElGQrzGoYlA5e9JWASf7zYbcrpfgau90dHEgxHORVMj0&task=&locate=&page=index&type=click&url=http%3A%2F%2Ftieba.baidu.com%2Findex.html%3F&refer=http%3A%2F%2Ftieba.baidu.com&fid=&fname=&uid=&uname=&is_new_user=&tid=&_t=1561713723&obj_id=26726
https://tieba.baidu.com/f/link?client_type=pc_web&tbjump=lid%253D1323490942_36522_13___0%2526url%253Dd637nq_kHH89fgejgRaS2T5c3jw32QjflSZHZ8tmbitSi3QTY_awdZxsRrDL8bBZtd-XAuUZnmENJLwpgj982cKPEZ8LQ-SFVslEoNARcyKMtpvoFfgrs7h4kMGaMH5tYEXoYb3rtMxnY3f5g_n5kIhSlyuWz5DU4Id4Z3L95pM0IiI1-iD63Dm71Fq-gN0ohDDwZvCxx8PjyXPFLB_B1H35G2OL9oPhO1TTWVzxKyMLccXd8FL-d8tAltamU9cdAdxDB4rSNqCujJJLYYW8pQQQd-icufh-bsmiZIH9VBfLnfRsVf7rxGGYYm4ZXC3YmDHpym58-5qebowp87gEANLBLR1NfVM9WobFzk6Eq_Sjj11PqD6DT1ufwmKru0rGzyNNKSk_p6BjZ-RxRV-kAaZb_XKRjMIcmvuwZEHGcjtYMEelkXUd7bwqhSyhQm7JQPHpjVuuExz4Iz0DE3QLlvpJnGTSWDY2L4exG8lfL4XlU2Q37LkIpH_prUHsnKrSNA1u-KVGOEGAJYgykPzpIGda0rpuD7oL6Fd7LcryhEIrkkFko2OqXePn5juIXnv5dXQ8b4q_kkn6LHgfi8ADXmfFt51Nl4QWGQ9Q9m9hNsN-ewSWoHyHoASxQTRCtA11zhwqX7l6R2Jb1TOoatpYnIB3Z3Oe9pa3IjvsQJ690TL7FLcrCYBkKpxhDX-V-kh6EjjjjwRJ6zjUtm6-IS9CFE-X1UgxTg53lu5aoPqDUIUpxVlHGDn7gwRjXB5m47M6Vnphe9vzn5ot5AYnyOGC0H-351sy-Pc0fqFc3WGJMZrcR-kwwUw-s49-GtzT-pBmY7IWYqrud6Cc95V0NekEefy9Fny0PkDBpgdPQIi96tpgmj73sftzYn42HxBMi402zAwtiZWzqGgP5X3AbXvAZCzzWOZ9FG5MPb85-ZqhhaZnwXqk-SkbEeVGDbuaIEuQ6ng3OF3q4p6a2GgzXCtjyTm7ZEcSoJwHCeIpRlp-JAOytHTnuaB7QMqk1cIDR3e4aCIGNmR28VVqHfv7iUSYCaWTATJb77gZiSy8MB1KJxMLvLXnD4nKZmkwvPnZuYbrtZZe8QXiJMKjxjOZo5qPD73q34YYbLHWhWGLCwfjfSVx-NpLg-BnoDOzBloVzGxAAKBZRx7wwbPgxaOExBbqbmtu9TWELtOf&task=&locate=&page=index&type=click&url=http%3A%2F%2Ftieba.baidu.com%2Findex.html%3F&refer=http%3A%2F%2Ftieba.baidu.com&fid=&fname=&uid=&uname=&is_new_user=&tid=&_t=1561713723&obj_id=36522
https://tieba.baidu.com/f/link?client_type=pc_web&tbjump=lid%253D1323490942_26934_13___0%2526url%253D1b62ybYtuGn6cdEcGRpOMlKEGm6rqOqs9-2wy1T-Iinzq0oMvMLPiuqKCIdMTGOy1zFSLe1w9XUp1wJJfs4_wTH5OxWmp1LS16X0JvqcfjXAbGHSjN1HNIhVC7ImhRpF_Vf5Nb5C7R6tcP99FKZ2iUH72gqkh-iEhwvVwtQG25Kd6orK_nKHP3EPMPBzBEdhlD_sI-LgOBiK3TqNmySZQb4taxIaM33JymGGqvRtc4uSRYqnWymSOzqsUgCvZ6FdrB6cUxpt5X-5M_DV3gKMZQBAaGunn9UQQxO1u26K5Fvysz42TP8ciKsb9riVVK9iMnBskNFQadj87PjpchfkkO3fssfnVoIOH7crwomU8DJyX0xAD9QRV79odOW30FHVC8WWAqxF0MEqn6kUjsjhAZd7xeOQqaBTnc1k1gbUT0I6rRlv2mVGGbDQrJ_f9-HluzMUPYbla8a2im16i9nLSPGgnbuyBli6-S7SWrcZL6d2jz1OppJa74mcm4gj7Be4arDoArLxZyPTFgSeMn3tvlUHzyWRN0KhTFxsBTKpAUjVroijVqATP1tYffFrEcm0YTG8yPR9sYVbP4wYsjPs0Q3qb2DLcRowv3dwFnnrsLWex-EZLDs92Yv6Zp8dDYpPV29mCwXuPdufGOar-BFFcpSq5kmzG6RSWEpRGuRqdQrsILMQ4mTecAJKO0SA81wSafPM7iFUP-El_DF1IsdM3ASPrmut0NWuQQW6xTRJ9Rhp_pyremwxomYNqFOaO5dw4nkQEDANepyTpD73N09nGHP3AZ9jfBsmCTVcFGPWzl_3rMinAn_E9nNOUFAT1sRZP8ziKeOd_lhYEWMF5QzyU014ybExnWY1gOoKJGi2ONBsvB8cyYAq544Ivq3PJefcq0oW_-AdKTmmZupf9XGgMe9Evz3kWCypN0V1NLPJaRh_OKMDIvzHz0GjhphXPf38UF06JpqpELi72Rd0e0Mvustnmz9HOqDQlv0oJMFNrxKnQ23fpjKsbNWjV-rSdXlVAUDPOi3G_ajiGJtFlWJ0kEF2Jgsb7EOK5NoKOqevMJdip_QAI7BeGK_qhuNJCGIYhN4xt_3XlN2inZx78QJAxB-QIiSMsRORLP9-x5MBCI83GWtYEnFL05eO-eFYpDQp8UixglIiX1Y64gF7c_0byOT2GI7VgZMXVg&task=&locate=&page=index&type=click&url=http%3A%2F%2Ftieba.baidu.com%2Findex.html%3F&refer=http%3A%2F%2Ftieba.baidu.com&fid=&fname=&uid=&uname=&is_new_user=&tid=&_t=1561713723&obj_id=26934
https://tieba.baidu.com/f/link?client_type=pc_web&tbjump=lid%253D1323490942_26728_13___0%2526url%253D5396u0tQftI91ISfx6COTv-0-CUv7WyerHXEmynNRpble4kqx7q8z1cg2xFhTc_pOa2wZkfW1RgOjx3-ZqbshSAtbsP-KXCvGRhAW8XqUZhnROI2eOIiI0PVpRw8KVjEFNTeaEs4yEWVO-II-E7N4lW-y8p30TztIvh0hiLMTqlVcm2n7RQQeIdwlbugDa0-B_nH_hx67K9sIbUPP0oeIj71qBoo9r3REvzJYeusMY0-DAFgIWeMMraYQuYbLpPj8sloU16BIlDysafBhBDhFnnS7g0cdjAj6limWjgmnhvNVi1gz1PQUhPWvF-wilBvlHrszjHngYMKovt4YDHRVqRz_ZD5gPZjWqwEsihjFwoT3FBBFaRULYcCCiyf2gwzjumnUBLhMRam4cXjZfrWrlJspfJ8MyCU4mGlswKb4AVc9eie6UBzJmBVfp8P2ZvAZJ7mLxlA4K1vjyq0we_Q0h1yQLxN1CbEiBd6TvtZYkCg_UCiAiy7yDiOPWBW4cQFWjvc8Ar42Zw5hbdehlxdB0dRU8P6BHj70doS_KL7Ciqyilwj1JANUGsNz8A5Z1-NExQVINb_Pt4yKWgRU2hlkZgYzPBq3T7WbtbpAytKfFjt-IXs9i8yQ48yBXio1-ZHGnJPAq-hlhMZxdlIaAFtfZHU2Zz9fzTXHZYqTvkrHAorrQEKcf61UTBzIgbitnZ9BdzSYhoh6I-VWCqoyTf5BbbXUpagZ3V9iWLSOOQG_T8t6IRmwOaxRroMj15h0ncce_szoVrZu4agalAspVMemQQreB7FzBCOWYeg3rC73EhmSscWDm4aKP8JMHdfXUKZhfT8o-rzcLVpiNKmYIc4hD8xcE7HMUB1UtPuk13hjwdPzfUwIfP_RayQC7jDO_7fIjprxTHgWrTebdG3AvsfBKeHcu46o1iUqBRDBSjHHHwOiGcQTDIryLGu1Un-4lMujDgm6qFtIl3v24z06DoEfY9sHl_HV_kAym3L6eraCxjhwpJ9-ko_IntQkuaeE57nOHEmVZs4wed6DEiEQ9AhY0Pd8JfhNgwH4mAoUhXwX0ab3-lYLFQb3gofEVSc8l9MoOpnKQQ1PDclIBhfM9K0aQS1JQiuJeBjEScdBgo-PFwJ_5oT6-_DBDd7PnzDs-_Jy02r2Zhw5-ptZ6BUXiRga5upiEWHCCCZXQ&task=&locate=&page=index&type=click&url=http%3A%2F%2Ftieba.baidu.com%2Findex.html%3F&refer=http%3A%2F%2Ftieba.baidu.com&fid=&fname=&uid=&uname=&is_new_user=&tid=&_t=1561713723&obj_id=26728
https://tieba.baidu.com/f/link?client_type=pc_web&tbjump=lid%253D1323490942_23709_13___0%2526url%253D72aeAlSDFxJCQCHFY5qDHG02djdjnk3Yd_QussOt-PAznMALcB-nUPWdym07PSO23uu6bdfIfDBRsws9BgVIYo9WlTDSESWyM8ply8Cpd-4HU6-niSDXlvbqKVH0S2OAnxIBM8IOwfDvoiJLvYAmd6cIwSZhxikgIk_i8jqtNl8SHK70CJkYMEG85lgLHWU6ABqe8s7dhoJAk60q40VnFcUInOpSQ2OM3V0Ojxtn5gK2Y19-A3EQh-cQOn8LA0DSx79gXMUuunr4XUSfq-iqhgyZigxKVfZT2uBdCNeZRcc6y3KEgePeVoy8gzCbzE5TpsHWHkH32pmgayMkD2Kpv42I2keo-e9KfuizEvwnow7ub49OlrBtjZqYnEfAA2sxvw9UaGI5yJ3Vf7XkKrmhu3PXeRaZ_xGWEem8gqHXxPIWh47YywaJhBLUPKeE6qL2VVSajG4IrtOOByFK9Mqntce_OPn4FwbLFO5E5AZ9foyaHmWrHkSoE2okTBK87c0bhW8k1mP53q5nrhc1pWJBy5t7f4U7jmph9IGLlHnfenIiBggdTbk3kuup3CpNC8qMmoDatcevR4vA7MlHZEQHIhnZapJ_7V3isEX0sWNMt6oioQ7MOawTX4hpsk81i1pCYt4dxP05jp48Pd5ITLDAOrJ8hdMvSQBedZbQDADXIrALuu3iJynGaR7Oo3ki-bj0GDeykB1w4Ts39H2h2aqjEw52c2PQFRg79wWKEY6JbWKBKr6gBQokC6D3aAx2yAG2-tOqLElRnmTNiHMeeesCDyrfU9SbzTQZEfYTqgNfDwuXHdgdTj_Chqlj_-1aoPFA6SPXiZVkQfiNYa4csuvlEPjz8W3guFIUKCMkRooLNp_pw-4obMMZTsjTB-oqcwvt4SG6HxDbPrrU4NEtJqlBUhutI1_Mbhg5_Nka8zvtCNzd_QPUMezjnG1BhrlTaep0PY0W6zmed6u2zxWR0SGEgRFiiFJrNwvyBLGJ4PspRHdx4cs-fCDEtr9cQlcqhN0uW1MOEmXr_ocz3rnfT5IQuh3W0uG0KfNHHLx_dvpJn0CbCFRRPUgj3mnSiyndExwTaKagynUYTYXQzEFMKRkmHX5TgAyO4GGyo_6416fKeN8-V9GWkA&task=&locate=&page=index&type=click&url=http%3A%2F%2Ftieba.baidu.com%2Findex.html%3F&refer=http%3A%2F%2Ftieba.baidu.com&fid=&fname=&uid=&uname=&is_new_user=&tid=&_t=1561713723&obj_id=23709
https://tieba.baidu.com/f/link?client_type=pc_web&tbjump=lid%253D1323490942_36616_13___0%2526url%253Df507nJ_qKakxhNpNZW2MT_eeL0onhQXhsml_GmQEEmd2He1TVVwh5VbIA0YqFq34fRMXHW9zFGZbtqpFQZTXALc6nhRc16M63tn-uJeIfOBje402edLe5KFHK7RQhNYPjoe6DtmfqO2x1PhnZxFFM5gvDcQszlg9bdTBw_W-j6P9Zmj4NeYILH15t9rl7IzH7z7RS0ibi_pcTJFS2x--UFFDWg2QP09QJn501B_zqdZzDNgqVZ3IKplkism-0XuN3iFX2--yBAH2xgMp4qe-0mPF7HdFhHh4mrzOw19oQbReQxUSu5TCaS0N_oiumVRDxc8ICb1wSt2a9gMkVHU1hnL1Aaykk2cit7tsf9x_iK6NGijyqayJEJchna0h8FDdyTV9zWu2xliO3rK1dIGPlEGeilCj_UaecywqtE_9KGMSmSQtuM3N81hD906liseXuU5GUqyYUMuQ5hehXZrkdQexSVzPCq_HHmlEzLjQO60NtzIFIXHo3ygDCpHxkkG3iTOU33TEyfdxci36sfO2Xo6s7eBxsKy981Lpgp7_1UMH6mblqUoRGMWgdG2S-V87rsrbLJwQc6nLfvof8G0y_wXCCxgSK7WfMGisHUomhdSmjbcj5h-H0POdGR4tOtXQdHPis1FeA33us45DPftXDwpHctvzPSEJAPNwDjtzcGSRYrwsl5vQI8-fJOvmnTkJWVBeWE1gN6tMdc8SNKuC09v0Lo4VYY1ObLt8pCYDw0QvSmPnfu-rFZP5BkwwUNu4dn_E47m_PQmbt4GTjrbmIwAFqhG9tpZcpoApjCtBP712tCN8msN7QvkK9PMwZDGddaU3qtozK_XJUgYbQO8eFth3drcCuZWQocBe8NQVygePLHQEwi7JUqPBvGCPYBYpbncjgDX8Bs_PdFNvJaCdl32zy7-tTKEKJZr7spG92nsH4i8FLm4-cuI1UlbWXUkxeqNnmEg-8zzBzj7KNM_JryB-SkPPUnx1dheMzLlrnz6pQPNWwVjOmbORSKUwUu5L1bzbTUyhTb80hYqVMCC3XMRUvlt0BJfMjr1qRV683BNYZWprCtUMcwkImzEQXZyyg8E-RykjPA3K9qJiySW9LC52cAtn5NdfckKXdDQmKC9k2gOKzQ0ajeg0DEC6ADo8GLi0sP67V_NmqDWchSWpdRJbP36iglUlUoH3TGW7AkAu-rRAdfJjnqcKjhhCDUlk5knxtBliYzRy8M8xfBzbtTNyoQggf4EMesxqaW0aTmE3Wfb9G4SgE-53PvuKTl_8FDTGro3KprFVeugspAbi9ghdjBzlquEgSFQbShM&task=&locate=&page=index&type=click&url=http%3A%2F%2Ftieba.baidu.com%2Findex.html%3F&refer=http%3A%2F%2Ftieba.baidu.com&fid=&fname=&uid=&uname=&is_new_user=&tid=&_t=1561713723&obj_id=36616
https://tieba.baidu.com/f/link?client_type=pc_web&tbjump=lid%253D1323490942_36625_13___0%2526url%253D45888JjG9HLo1s4YS4hY0q1jTscfgM1TR_rk8c_Uv13W5jb9fraEFJsuNrExr5WFYMuOeHRJrrnKNw__DjfKpJsZ96z4Mel711wY9byZs5wGqBFwgI7cZyHkagIb0ymjlZR-WTts8HleIm_vhAsdYittpzomQpVFPJJ5p_pyhdHJ2kCKLth-SGoJ3rJy5xOG8cwwtJiFZ_4H3_7x5tSl_9zPZrZaaZeGvL5_qWcknfrfwCDtem6quxcYn_bAfoIgy3w_rOLG3dOFiFj4XeTDZiFqrFUpCAckBVZaWspKoSTvfWV51l9-NSuUyEk8aJKig5H28vPAI759sa-52gEquPO4xkXnu1hfke98GZ0eISv3fnvo7hEQ97y7RRpzAVKrf3pbPHFLXA-t2I35h7bendoHf-jUv7w9UiZDZxHqPdnjdRM0DjtE2W4xHaLiPfWmpmilaYwY2ikMooRfPQTmBe7aw3rLjvpWvL4wjUGNtMfwKpD42fH_jn6GfKPjBrLx75EUJtxXSklhI-CNF7kpHiahCK8laKhug8mftxLXf_2JkDcCgrC8fGb6Zdqy97jiWHMuXRfMEtLvRtgk6u9uKfU88gY9YfHdWRb9aFjjKrJbXUDAxhWg7QORNpfQodKGITIuNCBYLVva7o-wq8qf23H-pspT2kvpe77nP19wZLxwNsrM3nqGZSQjskZY641yRZbTwf2LholrYkLcqwsgxyz3-pwHOpUChdou6cq4cVk64D7NlCV1PYiJiQVfIpvcDJ8zZbOsNZ58QnNCOsn413_tifPKkzt9n8N9WWcvq_3_xm_I6qQU6RK2tKPdapSjUQH3PPO02G7IHQ1zFkL4AMselD387iXGDm3P79kZUjiO_0xYyEXjndeERz7pFkj0J5GJABfhROm3_6glWraR08OhA6EMB7rfeapOvgGvz0-xgnR8OmybMyhERCDKsURX1f92azjeMbM-_8fYMeNX37-GOvdVtI_X2lpKj7bkIhPx4YKB8hEC21_NPvhjch-po8pKgrbKTFVjUoNEFRGKsvYeYLOnpdBpCX0a7v1vuN3_WoCPPNpJS23B6F9TdquadPe1yJqUAnaY7W6XMddZ8b5kAvNBuu8wo3Mkz4idoThR-KSAp4nHVBgfEiM5YENKbZAUtVdTGref9gpS8tPMt4xoOGGMBp2qGOKD0Mu5OWwWcBbso4HRwwYtAWF8NrryPxY-KlAIEe0IMJpQGnghmYJj6BLKbRTnaWBvo7UWIKq8KH8CfEkeiqMsKsUjCQgwGiVFdBuvbrAOdcMP82qXEAtPm5KJ9cvT0mlpeXIVEaEyDbnQs7_Cfwm37dHkoDGk6ZzHBFKszqnMujdRxVBqav2d82BG1GUg6r2EiErK6o2ufEtSIFVfv67gcr_Rt4-j5qme5vo8RV8m9Ij2jYkBzmg6jHa886nrPQ&task=&locate=&page=index&type=click&url=http%3A%2F%2Ftieba.baidu.com%2Findex.html%3F&refer=http%3A%2F%2Ftieba.baidu.com&fid=&fname=&uid=&uname=&is_new_user=&tid=&_t=1561713723&obj_id=36625

http://tieba.baidu.com/t/f/?class=college
https://tieba.baidu.com/f/f/index/forumpark?pcn=Â®±‰πêÊòéÊòü&pci=0&ct=1&rn=20&pn=1
https://tieba.baidu.com/f/f/index/forumpark?cn=Ê∏ØÂè∞‰∏úÂçó‰∫öÊòéÊòü&ci=0&pcn=Â®±‰πêÊòéÊòü&pci=0&ct=1&rn=20&pn=1
https://tieba.baidu.com/f/f/index/forumpark?cn=ÂÜÖÂú∞ÊòéÊòü&ci=0&pcn=Â®±‰πêÊòéÊòü&pci=0&ct=1&rn=20&pn=1
https://tieba.baidu.com/f/f/index/forumpark?cn=Èü©ÂõΩÊòéÊòü&ci=0&pcn=Â®±‰πêÊòéÊòü&pci=0&ct=1&rn=20&pn=1
https://tieba.baidu.com/f/f/index/forumpark?cn=Êó•Êú¨ÊòéÊòü&ci=0&pcn=Â®±‰πêÊòéÊòü&pci=0&ct=1&rn=20&pn=1
https://tieba.baidu.com/f/f/index/forumpark?cn=Êó∂Â∞ö‰∫∫Áâ©&ci=0&pcn=Â®±‰πêÊòéÊòü&pci=0&ct=1&rn=20&pn=1
https://tieba.baidu.com/f/f/index/forumpark?cn=Ê¨ßÁæéÊòéÊòü&ci=0&pcn=Â®±‰πêÊòéÊòü&pci=0&ct=1&rn=20&pn=1
https://tieba.baidu.com/f/f/index/forumpark?cn=‰∏ªÊåÅ‰∫∫&ci=0&pcn=Â®±‰πêÊòéÊòü&pci=0&ct=1&rn=20&pn=1
https://tieba.baidu.com/f/f/index/forumpark?cn=ÂÖ∂‰ªñÂ®±‰πêÊòéÊòü&ci=0&pcn=Â®±‰πêÊòéÊòü&pci=0&ct=1&rn=20&pn=1
https://tieba.baidu.com/f/f/index/forumpark?pcn=ÁîµËßÜËäÇÁõÆ&pci=0&ct=1&rn=20&pn=1
https://tieba.baidu.com/f/f/index/forumpark?cn=ÂÜÖÂú∞ÁªºËâ∫&ci=0&pcn=ÁîµËßÜËäÇÁõÆ&pci=0&ct=1&rn=20&pn=1
https://tieba.baidu.com/f/f/index/forumpark?cn=Âè∞ÊπæÁªºËâ∫&ci=0&pcn=ÁîµËßÜËäÇÁõÆ&pci=0&ct=1&rn=20&pn=1
https://tieba.baidu.com/f/f/index/forumpark?cn=Èü©ÂõΩÁªºËâ∫&ci=0&pcn=ÁîµËßÜËäÇÁõÆ&pci=0&ct=1&rn=20&pn=1
https://tieba.baidu.com/f/f/index/forumpark?cn=Êó∂Â∞ö¬∑ÁîüÊ¥ªÊúçÂä°&ci=0&pcn=ÁîµËßÜËäÇÁõÆ&pci=0&ct=1&rn=20&pn=1
https://tieba.baidu.com/f/f/index/forumpark?cn=‰ΩìËÇ≤ËøêÂä®¬∑ÂÅ•Ë∫´&ci=0&pcn=ÁîµËßÜËäÇÁõÆ&pci=0&ct=1&rn=20&pn=1
https://tieba.baidu.com/f/f/index/forumpark?cn=Ë¥¢Áªè¬∑ËÅåÂú∫&ci=0&pcn=ÁîµËßÜËäÇÁõÆ&pci=0&ct=1&rn=20&pn=1
https://tieba.baidu.com/f/f/index/forumpark?cn=Êñ∞ÈóªËµÑËÆØ&ci=0&pcn=ÁîµËßÜËäÇÁõÆ&pci=0&ct=1&rn=20&pn=1
https://tieba.baidu.com/f/f/index/forumpark?cn=ÁîµËßÜÂè∞ÂèäÈ¢ëÈÅì&ci=0&pcn=ÁîµËßÜËäÇÁõÆ&pci=0&ct=1&rn=20&pn=1
https://tieba.baidu.com/f/f/index/forumpark?pcn=ÁîµËßÜÂâß&pci=0&ct=1&rn=20&pn=1
https://tieba.baidu.com/f/f/index/forumpark?cn=Èü©ÂõΩÁîµËßÜÂâß&ci=0&pcn=ÁîµËßÜÂâß&pci=0&ct=1&rn=20&pn=1
https://tieba.baidu.com/f/f/index/forumpark?cn=È¶ôÊ∏ØÁîµËßÜÂâß&ci=0&pcn=ÁîµËßÜÂâß&pci=0&ct=1&rn=20&pn=1
https://tieba.baidu.com/f/f/index/forumpark?cn=ÁæéÂâß&ci=0&pcn=ÁîµËßÜÂâß&pci=0&ct=1&rn=20&pn=1
https://tieba.baidu.com/f/f/index/forumpark?cn=Êó•Êú¨ÁîµËßÜÂâß&ci=0&pcn=ÁîµËßÜÂâß&pci=0&ct=1&rn=20&pn=1
https://tieba.baidu.com/f/f/index/forumpark?cn=ÂÜÖÂú∞ÁîµËßÜÂâß&ci=0&pcn=ÁîµËßÜÂâß&pci=0&ct=1&rn=20&pn=1
https://tieba.baidu.com/f/f/index/forumpark?cn=Âè∞ÊπæÁîµËßÜÂâß&ci=0&pcn=ÁîµËßÜÂâß&pci=0&ct=1&rn=20&pn=1
https://tieba.baidu.com/f/f/index/forumpark?cn=‰∏úÂçó‰∫öÁîµËßÜÂâß&ci=0&pcn=ÁîµËßÜÂâß&pci=0&ct=1&rn=20&pn=1
https://tieba.baidu.com/f/f/index/forumpark?cn=ÂÖ∂‰ªñÂú∞Âå∫ÁîµËßÜÂâß&ci=0&pcn=ÁîµËßÜÂâß&pci=0&ct=1&rn=20&pn=1
https://tieba.baidu.com/f/f/index/forumpark?pcn=ÁîµÂΩ±&pci=0&ct=1&rn=20&pn=1
https://tieba.baidu.com/f/f/index/forumpark?cn=È¶ôÊ∏ØÁîµÂΩ±&ci=0&pcn=ÁîµÂΩ±&pci=0&ct=1&rn=20&pn=1
https://tieba.baidu.com/f/f/index/forumpark?cn=Ê¨ßÁæéÁîµÂΩ±&ci=0&pcn=ÁîµÂΩ±&pci=0&ct=1&rn=20&pn=1
https://tieba.baidu.com/f/f/index/forumpark?cn=ÂÜÖÂú∞ÁîµÂΩ±&ci=0&pcn=ÁîµÂΩ±&pci=0&ct=1&rn=20&pn=1
https://tieba.baidu.com/f/f/index/forumpark?cn=Èü©ÂõΩÁîµÂΩ±&ci=0&pcn=ÁîµÂΩ±&pci=0&ct=1&rn=20&pn=1
https://tieba.baidu.com/f/f/index/forumpark?cn=Êó•Êú¨ÁîµÂΩ±&ci=0&pcn=ÁîµÂΩ±&pci=0&ct=1&rn=20&pn=1
https://tieba.baidu.com/f/f/index/forumpark?cn=Âè∞ÊπæÁîµÂΩ±&ci=0&pcn=ÁîµÂΩ±&pci=0&ct=1&rn=20&pn=1
https://tieba.baidu.com/f/f/index/forumpark?cn=ÁîµÂΩ±ËØùÈ¢ò&ci=0&pcn=ÁîµÂΩ±&pci=0&ct=1&rn=20&pn=1
https://tieba.baidu.com/f/f/index/forumpark?cn=‰∏úÂçó‰∫öÁîµÂΩ±&ci=0&pcn=ÁîµÂΩ±&pci=0&ct=1&rn=20&pn=1
https://tieba.baidu.com/f/f/index/forumpark?pcn=‰ΩìËÇ≤Ëø∑&pci=275&ct=0&rn=20&pn=1
https://tieba.baidu.com/f/f/index/forumpark?cn=Ë∂≥ÁêÉ&ci=276&pcn=‰ΩìËÇ≤Ëø∑&pci=275&ct=0&rn=20&pn=1
https://tieba.baidu.com/f/f/index/forumpark?cn=ÁØÆÁêÉ&ci=277&pcn=‰ΩìËÇ≤Ëø∑&pci=275&ct=0&rn=20&pn=1
https://tieba.baidu.com/f/f/index/forumpark?cn=NBA&ci=278&pcn=‰ΩìËÇ≤Ëø∑&pci=275&ct=0&rn=20&pn=1
https://tieba.baidu.com/f/f/index/forumpark?cn=CBA&ci=279&pcn=‰ΩìËÇ≤Ëø∑&pci=275&ct=0&rn=20&pn=1
https://tieba.baidu.com/f/f/index/forumpark?cn=‰πí‰πìÁêÉ&ci=280&pcn=‰ΩìËÇ≤Ëø∑&pci=275&ct=0&rn=20&pn=1
https://tieba.baidu.com/f/f/index/forumpark?cn=ÁΩëÁêÉ&ci=281&pcn=‰ΩìËÇ≤Ëø∑&pci=275&ct=0&rn=20&pn=1
https://tieba.baidu.com/f/f/index/forumpark?cn=ËàûËπà&ci=283&pcn=‰ΩìËÇ≤Ëø∑&pci=275&ct=0&rn=20&pn=1
https://tieba.baidu.com/f/f/index/forumpark?cn=ÂÅ•Ë∫´&ci=284&pcn=‰ΩìËÇ≤Ëø∑&pci=275&ct=0&rn=20&pn=1
https://tieba.baidu.com/f/f/index/forumpark?pcn=Â∞èËØ¥&pci=161&ct=0&rn=20&pn=1
https://tieba.baidu.com/f/f/index/forumpark?cn=Â•áÂπª&ci=403&pcn=Â∞èËØ¥&pci=161&ct=0&rn=20&pn=1
https://tieba.baidu.com/f/f/index/forumpark?cn=Ë®ÄÊÉÖ&ci=177&pcn=Â∞èËØ¥&pci=161&ct=0&rn=20&pn=1
https://tieba.baidu.com/f/f/index/forumpark?cn=ÁÅµÂºÇ&ci=404&pcn=Â∞èËØ¥&pci=161&ct=0&rn=20&pn=1
https://tieba.baidu.com/f/f/index/forumpark?cn=Á©øË∂ä&ci=162&pcn=Â∞èËØ¥&pci=161&ct=0&rn=20&pn=1
https://tieba.baidu.com/f/f/index/forumpark?cn=ËøûËΩΩ&ci=169&pcn=Â∞èËØ¥&pci=161&ct=0&rn=20&pn=1
https://tieba.baidu.com/f/f/index/forumpark?cn=‰øÆÁúü&ci=412&pcn=Â∞èËØ¥&pci=161&ct=0&rn=20&pn=1
https://tieba.baidu.com/f/f/index/forumpark?cn=ÂéÜÂè≤&ci=121&pcn=Â∞èËØ¥&pci=161&ct=0&rn=20&pn=1
https://tieba.baidu.com/f/f/index/forumpark?cn=Êû∂Á©∫Êñá&ci=409&pcn=Â∞èËØ¥&pci=161&ct=0&rn=20&pn=1
https://tieba.baidu.com/f/f/index/forumpark?pcn=ÁîüÊ¥ªÂÆ∂&pci=214&ct=0&rn=20&pn=1
https://tieba.baidu.com/f/f/index/forumpark?cn=Â∞èËÄåÁæé&ci=244&pcn=ÁîüÊ¥ªÂÆ∂&pci=214&ct=0&rn=20&pn=1
https://tieba.baidu.com/f/f/index/forumpark?cn=DIY&ci=72&pcn=ÁîüÊ¥ªÂÆ∂&pci=214&ct=0&rn=20&pn=1
https://tieba.baidu.com/f/f/index/forumpark?cn=ÁæéÈ£ü&ci=380&pcn=ÁîüÊ¥ªÂÆ∂&pci=214&ct=0&rn=20&pn=1
https://tieba.baidu.com/f/f/index/forumpark?cn=ÊëÑÂΩ±&ci=82&pcn=ÁîüÊ¥ªÂÆ∂&pci=214&ct=0&rn=20&pn=1
https://tieba.baidu.com/f/f/index/forumpark?cn=ÊóÖË°å&ci=92&pcn=ÁîüÊ¥ªÂÆ∂&pci=214&ct=0&rn=20&pn=1
https://tieba.baidu.com/f/f/index/forumpark?cn=ÂèòÁæé&ci=520&pcn=ÁîüÊ¥ªÂÆ∂&pci=214&ct=0&rn=20&pn=1
https://tieba.baidu.com/f/f/index/forumpark?cn=ÁïôÂ≠¶ÁßªÊ∞ë&ci=521&pcn=ÁîüÊ¥ªÂÆ∂&pci=214&ct=0&rn=20&pn=1
https://tieba.baidu.com/f/f/index/forumpark?cn=ÊñáÁé©&ci=522&pcn=ÁîüÊ¥ªÂÆ∂&pci=214&ct=0&rn=20&pn=1
https://tieba.baidu.com/f/f/index/forumpark?pcn=Èó≤¬∑Ë∂£&pci=429&ct=0&rn=20&pn=1
https://tieba.baidu.com/f/f/index/forumpark?cn=ËêåÂÆ†&ci=4&pcn=Èó≤¬∑Ë∂£&pci=429&ct=0&rn=20&pn=1
https://tieba.baidu.com/f/f/index/forumpark?cn=ËêùËéâ&ci=6&pcn=Èó≤¬∑Ë∂£&pci=429&ct=0&rn=20&pn=1
https://tieba.baidu.com/f/f/index/forumpark?cn=ÈáçÂè£Âë≥&ci=257&pcn=Èó≤¬∑Ë∂£&pci=429&ct=0&rn=20&pn=1
https://tieba.baidu.com/f/f/index/forumpark?cn=ÂêêÊßΩ&ci=152&pcn=Èó≤¬∑Ë∂£&pci=429&ct=0&rn=20&pn=1
https://tieba.baidu.com/f/f/index/forumpark?cn=ÊÅêÊÄñ&ci=255&pcn=Èó≤¬∑Ë∂£&pci=429&ct=0&rn=20&pn=1
https://tieba.baidu.com/f/f/index/forumpark?cn=ÊòüÂ∫ß&ci=263&pcn=Èó≤¬∑Ë∂£&pci=429&ct=0&rn=20&pn=1
https://tieba.baidu.com/f/f/index/forumpark?cn=ÁàÜÊñô&ci=42&pcn=Èó≤¬∑Ë∂£&pci=429&ct=0&rn=20&pn=1
https://tieba.baidu.com/f/f/index/forumpark?cn=ÂñµÊòü‰∫∫&ci=5&pcn=Èó≤¬∑Ë∂£&pci=429&ct=0&rn=20&pn=1
https://tieba.baidu.com/f/f/index/forumpark?pcn=Ê∏∏Êàè&pci=0&ct=1&rn=20&pn=1
https://tieba.baidu.com/f/f/index/forumpark?cn=ÂÆ¢Êà∑Á´ØÁΩëÊ∏∏&ci=0&pcn=Ê∏∏Êàè&pci=0&ct=1&rn=20&pn=1
https://tieba.baidu.com/f/f/index/forumpark?cn=Ê°åÊ∏∏&ci=0&pcn=Ê∏∏Êàè&pci=0&ct=1&rn=20&pn=1
https://tieba.baidu.com/f/f/index/forumpark?cn=Ê∏∏ÊàèËßíËâ≤&ci=0&pcn=Ê∏∏Êàè&pci=0&ct=1&rn=20&pn=1
https://tieba.baidu.com/f/f/index/forumpark?cn=ÁΩëÈ°µÁâàÁΩëÊ∏∏&ci=0&pcn=Ê∏∏Êàè&pci=0&ct=1&rn=20&pn=1
https://tieba.baidu.com/f/f/index/forumpark?cn=ÊâãÊú∫Ê∏∏Êàè&ci=0&pcn=Ê∏∏Êàè&pci=0&ct=1&rn=20&pn=1
https://tieba.baidu.com/f/f/index/forumpark?cn=Â∞èÊ∏∏Êàè&ci=0&pcn=Ê∏∏Êàè&pci=0&ct=1&rn=20&pn=1
https://tieba.baidu.com/f/f/index/forumpark?cn=ÂçïÊú∫Ê∏∏Êàè&ci=0&pcn=Ê∏∏Êàè&pci=0&ct=1&rn=20&pn=1
https://tieba.baidu.com/f/f/index/forumpark?cn=ÊéåÊú∫Ê∏∏Êàè&ci=0&pcn=Ê∏∏Êàè&pci=0&ct=1&rn=20&pn=1
https://tieba.baidu.com/f/f/index/forumpark?pcn=Âä®Êº´ÂÆÖ&pci=206&ct=0&rn=20&pn=1
https://tieba.baidu.com/f/f/index/forumpark?cn=Êó•Êú¨Âä®Êº´&ci=312&pcn=Âä®Êº´ÂÆÖ&pci=206&ct=0&rn=20&pn=1
https://tieba.baidu.com/f/f/index/forumpark?cn=ÂõΩ‰∫ßÂä®Êº´&ci=313&pcn=Âä®Êº´ÂÆÖ&pci=206&ct=0&rn=20&pn=1
https://tieba.baidu.com/f/f/index/forumpark?cn=Ê¨ßÁæéÂä®Êº´&ci=314&pcn=Âä®Êº´ÂÆÖ&pci=206&ct=0&rn=20&pn=1
https://tieba.baidu.com/f/f/index/forumpark?cn=ÊêûÁ¨ëÊº´Áîª&ci=319&pcn=Âä®Êº´ÂÆÖ&pci=206&ct=0&rn=20&pn=1
https://tieba.baidu.com/f/f/index/forumpark?cn=ÁÉ≠Ë°ÄÂä®Êº´&ci=323&pcn=Âä®Êº´ÂÆÖ&pci=206&ct=0&rn=20&pn=1
https://tieba.baidu.com/f/f/index/forumpark?cn=Êé®ÁêÜ&ci=83&pcn=Âä®Êº´ÂÆÖ&pci=206&ct=0&rn=20&pn=1
https://tieba.baidu.com/f/f/index/forumpark?cn=Â£∞‰ºò&ci=210&pcn=Âä®Êº´ÂÆÖ&pci=206&ct=0&rn=20&pn=1
https://tieba.baidu.com/f/f/index/forumpark?cn=COS&ci=212&pcn=Âä®Êº´ÂÆÖ&pci=206&ct=0&rn=20&pn=1
https://tieba.baidu.com/f/f/index/forumpark?pcn=È´òÁ≠âÈô¢Ê†°&pci=0&ct=1&rn=20&pn=1
https://tieba.baidu.com/f/f/index/forumpark?cn=Âåó‰∫¨Èô¢Ê†°&ci=0&pcn=È´òÁ≠âÈô¢Ê†°&pci=0&ct=1&rn=20&pn=1
https://tieba.baidu.com/f/f/index/forumpark?cn=Â±±‰∏úÈô¢Ê†°&ci=0&pcn=È´òÁ≠âÈô¢Ê†°&pci=0&ct=1&rn=20&pn=1
https://tieba.baidu.com/f/f/index/forumpark?cn=Ê±üËãèÈô¢Ê†°&ci=0&pcn=È´òÁ≠âÈô¢Ê†°&pci=0&ct=1&rn=20&pn=1
https://tieba.baidu.com/f/f/index/forumpark?cn=ÂõõÂ∑ùÈô¢Ê†°&ci=0&pcn=È´òÁ≠âÈô¢Ê†°&pci=0&ct=1&rn=20&pn=1
https://tieba.baidu.com/f/f/index/forumpark?cn=ÊπñÂåóÈô¢Ê†°&ci=0&pcn=È´òÁ≠âÈô¢Ê†°&pci=0&ct=1&rn=20&pn=1
https://tieba.baidu.com/f/f/index/forumpark?cn=Ê≤≥ÂåóÈô¢Ê†°&ci=0&pcn=È´òÁ≠âÈô¢Ê†°&pci=0&ct=1&rn=20&pn=1
https://tieba.baidu.com/f/f/index/forumpark?cn=ÂÆâÂæΩÈô¢Ê†°&ci=0&pcn=È´òÁ≠âÈô¢Ê†°&pci=0&ct=1&rn=20&pn=1
https://tieba.baidu.com/f/f/index/forumpark?cn=ÈôïË•øÈô¢Ê†°&ci=0&pcn=È´òÁ≠âÈô¢Ê†°&pci=0&ct=1&rn=20&pn=1
https://tieba.baidu.com/f/f/index/forumpark?pcn=Âú∞Âå∫&pci=0&ct=1&rn=20&pn=1
https://tieba.baidu.com/f/f/index/forumpark?cn=Â±±‰∏ú&ci=0&pcn=Âú∞Âå∫&pci=0&ct=1&rn=20&pn=1
https://tieba.baidu.com/f/f/index/forumpark?cn=Ê≤≥Âåó&ci=0&pcn=Âú∞Âå∫&pci=0&ct=1&rn=20&pn=1
https://tieba.baidu.com/f/f/index/forumpark?cn=Ê≤≥Âçó&ci=0&pcn=Âú∞Âå∫&pci=0&ct=1&rn=20&pn=1
https://tieba.baidu.com/f/f/index/forumpark?cn=Â±±Ë•ø&ci=0&pcn=Âú∞Âå∫&pci=0&ct=1&rn=20&pn=1
https://tieba.baidu.com/f/f/index/forumpark?cn=Ê±üËãè&ci=0&pcn=Âú∞Âå∫&pci=0&ct=1&rn=20&pn=1
https://tieba.baidu.com/f/f/index/forumpark?cn=ËæΩÂÆÅ&ci=0&pcn=Âú∞Âå∫&pci=0&ct=1&rn=20&pn=1
https://tieba.baidu.com/f/f/index/forumpark?cn=ÂõõÂ∑ù&ci=0&pcn=Âú∞Âå∫&pci=0&ct=1&rn=20&pn=1
https://tieba.baidu.com/f/f/index/forumpark?cn=Âπø‰∏ú&ci=0&pcn=Âú∞Âå∫&pci=0&ct=1&rn=20&pn=1
https://tieba.baidu.com/f/f/index/forumpark?pcn=‰∫∫ÊñáËá™ÁÑ∂&pci=0&ct=1&rn=20&pn=1
https://tieba.baidu.com/f/f/index/forumpark?cn=Ëâ∫ÊúØ&ci=0&pcn=‰∫∫ÊñáËá™ÁÑ∂&pci=0&ct=1&rn=20&pn=1
https://tieba.baidu.com/f/f/index/forumpark?cn=ÂÜõ‰∫ã&ci=0&pcn=‰∫∫ÊñáËá™ÁÑ∂&pci=0&ct=1&rn=20&pn=1
https://tieba.baidu.com/f/f/index/forumpark?cn=ÂéÜÂè≤&ci=0&pcn=‰∫∫ÊñáËá™ÁÑ∂&pci=0&ct=1&rn=20&pn=1
https://tieba.baidu.com/f/f/index/forumpark?cn=Ëá™ÁÑ∂&ci=0&pcn=‰∫∫ÊñáËá™ÁÑ∂&pci=0&ct=1&rn=20&pn=1
https://tieba.baidu.com/f/f/index/forumpark?cn=Èâ¥ËµèÊî∂Ëóè&ci=0&pcn=‰∫∫ÊñáËá™ÁÑ∂&pci=0&ct=1&rn=20&pn=1
https://tieba.baidu.com/f/f/index/forumpark?cn=Ê∞ëÊóèÊñáÂåñ&ci=0&pcn=‰∫∫ÊñáËá™ÁÑ∂&pci=0&ct=1&rn=20&pn=1
https://tieba.baidu.com/f/f/index/forumpark?cn=ËØ≠Ë®ÄÊñáÂåñ&ci=0&pcn=‰∫∫ÊñáËá™ÁÑ∂&pci=0&ct=1&rn=20&pn=1
https://tieba.baidu.com/f/f/index/forumclass
https://tieba.baidu.com/f/f?kw=%E9%AB%98%E8%80%83
https://tieba.baidu.com/f/f?kw=%E9%AB%98%E8%80%83
https://tieba.baidu.com/f/f?kw=%E8%B4%B4%E5%90%A7%E5%90%A7%E4%B8%BB
https://tieba.baidu.com/f/f?kw=%E8%B4%B4%E5%90%A7%E5%90%A7%E4%B8%BB

https://tieba.baidu.com/f/f?kw=%E5%A4%A9%E6%B4%A5%E5%A4%A7%E5%AD%A6
https://tieba.baidu.com/f/f?kw=%E5%9B%9B%E5%B7%9D%E5%A4%A7%E5%AD%A6
https://tieba.baidu.com/f/f?kw=%E5%8C%97%E4%BA%AC%E7%A7%91%E6%8A%80%E5%A4%A7%E5%AD%A6
https://tieba.baidu.com/f/f?kw=%E4%B8%AD%E5%9B%BD%E6%B5%B7%E6%B4%8B%E5%A4%A7%E5%AD%A6
https://tieba.baidu.com/f/f?kw=%E5%8D%97%E4%BA%AC%E5%B7%A5%E4%B8%9A%E5%A4%A7%E5%AD%A6
https://tieba.baidu.com/f/f?kw=%E5%93%88%E5%B0%94%E6%BB%A8%E7%90%86%E5%B7%A5%E5%A4%A7%E5%AD%A6
https://tieba.baidu.com/f/f?kw=%E4%B8%AD%E5%8C%97%E5%A4%A7%E5%AD%A6
https://tieba.baidu.com/f/f?kw=%E7%83%9F%E5%8F%B0%E5%A4%A7%E5%AD%A6
https://tieba.baidu.com/f/f?kw=%E6%B2%B3%E5%8C%97%E5%B7%A5%E7%A8%8B%E5%A4%A7%E5%AD%A6
https://tieba.baidu.com/f/f?kw=%E8%A5%BF%E5%8D%97%E6%B0%91%E6%97%8F%E5%A4%A7%E5%AD%A6
https://tieba.baidu.com/f/f?kw=%E5%90%89%E6%9E%97%E5%BB%BA%E7%AD%91%E5%A4%A7%E5%AD%A6
https://tieba.baidu.com/f/f?kw=%E6%88%90%E9%83%BD%E7%90%86%E5%B7%A5%E5%A4%A7%E5%AD%A6

http://tieba.baidu.com/Ê∏∏ÊàèÁõ¥Êí≠
http://tieba.baidu.com/f?kw=%BE%BA%BC%BC%D3%CE%CF%B7
https://tieba.baidu.com/p/5215260742
http://tieba.baidu.com/show/zhanqi/roomList?tag_id=6
http://tieba.baidu.com/show/zhanqi/roomList?tag_id=10
http://tieba.baidu.com/show/zhanqi/roomList?tag_id=9
http://tieba.baidu.com/show/zhanqi/roomList?tag_id=49
http://tieba.baidu.com/f?ie=utf-8&kw=T%E8%B1%86%E5%A8%B1%E4%B9%90%E5%9F%8E&fr=search
http://tieba.baidu.com/f?ie=utf-8&kw=t%E8%B1%86%E5%A8%B1%E4%B9%90%E5%9F%8E#app_forum_top
http://tieba.baidu.com/f?ie=utf-8&kw=%E6%96%97%E5%9C%B0%E4%B8%BB#app_forum_top
http://tieba.baidu.com/f?ie=utf-8&kw=%E5%BE%B7%E5%B7%9E%E6%89%91%E5%85%8B&fr=search
http://wanba.baidu.com/login_game_by_post.xhtml?id=150&client=&inviteMsg=&serverId=S1&toolbarHide=
http://tieba.baidu.com/f?ie=utf-8&kw=%E6%89%8B%E6%B8%B8%E5%85%88%E9%94%8B
http://tieba.baidu.com/f?ie=utf-8&kw=t%E8%B1%86%E5%A8%B1%E4%B9%90%E5%9F%8E#app_forum_top
http://tieba.baidu.com/f?ie=utf-8&kw=%E6%96%97%E5%9C%B0%E4%B8%BB#app_forum_top
http://tieba.baidu.com/f?ie=utf-8&kw=%E5%BE%B7%E5%B7%9E%E6%89%91%E5%85%8B&fr=search
http://wanba.baidu.com/login_game_by_post.xhtml?id=150&client=&inviteMsg=&serverId=S1&toolbarHide=
http://tieba.baidu.com/f?ie=utf-8&kw=%E6%89%8B%E6%B8%B8%E5%85%88%E9%94%8B


https://tieba.baidu.com/f/f?kw=%E8%B4%B4%E5%90%A7%E7%83%AD%E8%AE%AE 
https://tieba.baidu.com/f/p/6176147940
https://tieba.baidu.com/f/home/main?un=%E6%89%B6%E5%BC%93%E6%8C%82%E6%A1%91&id=6a72e689b6e5bc93e68c82e6a191e775&fr=index
https://tieba.baidu.com/f/f?kw=%E8%B4%B4%E5%90%A7%E7%83%AD%E8%AE%AE 
https://tieba.baidu.com/f/p/6173079926
https://tieba.baidu.com/f/home/main?un=%E7%83%AD%E8%AE%AEbaby&id=1e3ee783ade8aeae626162791caa&fr=index


https://tieba.baidu.com/f/f?kw=nba
https://tieba.baidu.com/f/p/6174440262
https://tieba.baidu.com/f/home/main?un=%E5%A4%AA%E9%98%B3423685666&id=b312e5a4aae998b3343233363835363636c4a4&fr=index


https://tieba.baidu.com/f/f?kw=%E6%89%92%E7%9A%AE
https://tieba.baidu.com/f/p/6174085290
https://tieba.baidu.com/f/home/main?un=%E4%BC%98%E8%A1%A3%E5%BA%93%E5%81%B6%E9%81%87%E6%88%91&id=061ae4bc98e8a1a3e5ba93e581b6e98187e688913881&fr=index
https://tieba.baidu.com/f/f?kw=lol%E5%8D%8A%E4%BB%B7 
https://tieba.baidu.com/f/p/6173859836
https://tieba.baidu.com/f/home/main?un=%E9%A3%8E%E5%8F%8A%E6%B3%A1%E6%B3%A1&id=8fafe9a38ee58f8ae6b3a1e6b3a1b053&fr=index
https://tieba.baidu.com/f/f?kw=%E8%80%81jay%E8%BF%B7 
https://tieba.baidu.com/f/p/6174829330
https://tieba.baidu.com/f/home/main?un=wwx362&id=fabd7777783336321408&fr=index


https://tieba.baidu.com/f/f?kw=diy
https://tieba.baidu.com/f/p/4675874391
https://tieba.baidu.com/f/home/main?un=%E4%B8%87%E6%9C%89%E5%B7%A7%E5%85%8B%E5%8A%9B&id=a877e4b887e69c89e5b7a7e5858be58a9bfc2b&fr=index
https://tieba.baidu.com/f/f?kw=%E7%B4%AB%E7%A0%82%E5%A3%B6%E4%B8%8E%E5%BB%BA%E7%9B%8F 
https://tieba.baidu.com/f/p/6149810971

https://tieba.baidu.com/f/home/main?un=tigerjoe&id=912274696765726a6f658302&fr=index


https://tieba.baidu.com/f/f?kw=steam
https://tieba.baidu.com/f/p/5905742974
https://tieba.baidu.com/f/home/main?un=zhangjiale288&id=23967a68616e676a69616c653238388bac&fr=index


https://tieba.baidu.com/f/f?kw=%E7%BA%A2%E8%B1%86%E7%88%B1%E9%98%BF%E7%BF%81
https://tieba.baidu.com/f/p/5962131817
https://tieba.baidu.com/f/home/main?un=%E7%BA%A2%E8%B1%86%E7%88%B1%E9%98%BF%E7%BF%81&id=c8dfe7baa2e8b186e788b1e998bfe7bf81f903&fr=index
https://tieba.baidu.com/f/f?kw=%E5%8E%86%E5%8F%B2 
https://tieba.baidu.com/f/p/5882693572
https://tieba.baidu.com/f/home/main?un=thomas19851026&id=183f74686f6d61733139383531303236de30&fr=index


https://tieba.baidu.com/f/f?kw=diy
https://tieba.baidu.com/f/p/4979321229
https://tieba.baidu.com/f/home/main?un=jiangchenghai1&id=e1f66a69616e676368656e67686169315321&fr=index


https://tieba.baidu.com/f/f?kw=steam
https://tieba.baidu.com/f/p/5965430869
https://tieba.baidu.com/f/home/main?un=%E6%AD%AA%E8%84%96%E8%8F%8A%E9%A3%9F%E5%85%BD&id=82a7e6adaae88496e88f8ae9a39fe585bdcc3f&fr=index


https://tieba.baidu.com/f/f?kw=%E7%BA%A2%E8%B1%86%E7%88%B1%E9%98%BF%E7%BF%81
https://tieba.baidu.com/f/p/5470805338
https://tieba.baidu.com/f/home/main?un=1397225056DMD&id=7d1231333937323235303536444d445d2b&fr=index


https://tieba.baidu.com/f/f?kw=%E7%BA%A2%E8%B1%86%E7%88%B1%E9%98%BF%E7%BF%81
https://tieba.baidu.com/f/p/5610662138
https://tieba.baidu.com/f/home/main?un=%E5%8D%BF%E7%90%96&id=2925e58dbfe79096c288&fr=index


https://tieba.baidu.com/f/f?kw=%E5%89%91%E7%BD%913
https://tieba.baidu.com/f/p/5949712637
https://tieba.baidu.com/f/home/main?un=%E7%A6%BB%E7%BB%8F%E6%98%93%E9%81%93%E8%8A%B1%E9%97%B4%E9%86%89&id=9a05e7a6bbe7bb8fe69893e98193e88ab1e997b4e98689ffb4&fr=index


https://tieba.baidu.com/f/hottopic/browse/topicList?res_type=1
https://tieba.baidu.com/f/Mailto:tiebayule@baidu.com
http://tieba.baidu.com/hottopic/browse/hottopic?topic_id=269212&topic_name=%E4%B8%AD%E5%9B%BD%E6%96%B0%E8%AF%B4%E5%94%B1&red_tag=o0466125746
http://tieba.baidu.com/p/5962131817
http://tieba.baidu.com/p/5784336992
http://tieba.baidu.com/p/6064862637
http://tieba.baidu.com/p/5989281491
http://tieba.baidu.com/p/5757349508 
http://tieba.baidu.com/p/5964071816 
http://www.baidu.com/duty
https://gsp0.baidu.com/5aAHeD3nKhI2p27j8IqW0jdnxx1xbK/tb/eula.html
https://tieba.baidu.com/tb/cms/tieba-fe/tieba_promise.html
http://tieba.baidu.com/hermes/feedback
http://net.china.cn/chinese/index.htm
http://www.bj.cyberpolice.cn/index.htm
http://tieba.baidu.com
https://tieba.baidu.com/f/f/tb/eula.html
http://tieba.baidu.com/tb/system.html
http://tieba.baidu.com/f?ie=utf-8&amp;kw=%E6%84%8F%E8%A7%81%E5%8F%8D%E9%A6%88%E5%90%A7
https://tieba.baidu.com/f/f/tb/zt/declare
http://tieba.baidu.com
https://tieba.baidu.com/f/f/tb/eula.html
http://tieba.baidu.com/tb/system.html
http://tieba.baidu.com/f?ie=utf-8&amp;kw=%E6%84%8F%E8%A7%81%E5%8F%8D%E9%A6%88%E5%90%A7
https://tieba.baidu.com/f/f/tb/zt/declare
